TN:
SF:src/web/app/app.component.ts
FN:12,(anonymous_0)
FNF:1
FNH:1
FNDA:1,(anonymous_0)
DA:1,1
DA:2,1
DA:11,1
DA:13,1
DA:14,1
DA:15,1
LF:6
LH:6
BRF:0
BRH:0
end_of_record
TN:
SF:src/web/app/custom-url-serializer.ts
FN:7,(anonymous_0)
FN:12,(anonymous_1)
FNF:2
FNH:2
FNDA:1,(anonymous_0)
FNDA:1,(anonymous_1)
DA:1,1
DA:6,1
DA:8,1
DA:9,1
DA:13,1
DA:14,1
LF:6
LH:6
BRF:0
BRH:0
end_of_record
TN:
SF:src/web/app/maintenance-page.component.ts
FNF:0
FNH:0
DA:1,1
DA:11,1
LF:2
LH:2
BRF:0
BRH:0
end_of_record
TN:
SF:src/web/app/page.component.ts
FN:74,(anonymous_0)
FN:78,(anonymous_1)
FN:86,(anonymous_2)
FN:98,(anonymous_3)
FN:99,(anonymous_4)
FN:103,(anonymous_5)
FN:109,(anonymous_6)
FN:114,(anonymous_7)
FN:126,(anonymous_8)
FN:137,(anonymous_9)
FN:147,(anonymous_10)
FN:159,(anonymous_12)
FN:165,(anonymous_13)
FNF:13
FNH:2
FNDA:7,(anonymous_0)
FNDA:0,(anonymous_1)
FNDA:0,(anonymous_2)
FNDA:0,(anonymous_3)
FNDA:0,(anonymous_4)
FNDA:0,(anonymous_5)
FNDA:0,(anonymous_6)
FNDA:7,(anonymous_7)
FNDA:0,(anonymous_8)
FNDA:0,(anonymous_9)
FNDA:0,(anonymous_10)
FNDA:0,(anonymous_12)
FNDA:0,(anonymous_13)
DA:1,7
DA:2,7
DA:11,7
DA:12,7
DA:13,7
DA:14,7
DA:15,7
DA:16,7
DA:17,7
DA:18,7
DA:19,7
DA:22,7
DA:32,7
DA:35,7
DA:37,7
DA:38,7
DA:39,7
DA:40,7
DA:41,7
DA:42,7
DA:43,7
DA:44,7
DA:45,7
DA:46,7
DA:47,7
DA:48,7
DA:49,7
DA:51,7
DA:52,7
DA:53,7
DA:54,7
DA:56,7
DA:57,7
DA:58,7
DA:67,7
DA:74,7
DA:75,7
DA:76,7
DA:77,7
DA:78,7
DA:79,0
DA:80,0
DA:81,0
DA:82,0
DA:83,0
DA:84,0
DA:86,0
DA:87,0
DA:88,0
DA:92,7
DA:93,7
DA:96,7
DA:98,0
DA:99,0
DA:103,7
DA:104,0
DA:105,0
DA:109,7
DA:110,0
DA:115,7
DA:116,7
DA:117,7
DA:119,7
DA:129,0
DA:130,0
DA:139,0
DA:140,0
DA:148,0
DA:156,7
DA:157,0
DA:159,0
DA:166,0
DA:169,0
DA:170,0
LF:74
LH:50
BRDA:79,0,0,0
BRDA:88,1,0,0
BRDA:88,1,1,0
BRDA:92,2,0,7
BRDA:104,3,0,0
BRDA:117,4,0,7
BRDA:117,4,1,0
BRDA:129,5,0,0
BRDA:139,6,0,0
BRDA:169,7,0,0
BRDA:169,8,0,0
BRDA:169,8,1,0
BRF:12
BRH:2
end_of_record
TN:
SF:src/web/app/public-page.component.ts
FN:14,(anonymous_0)
FN:19,(anonymous_1)
FN:20,(anonymous_2)
FNF:3
FNH:2
FNDA:1,(anonymous_0)
FNDA:1,(anonymous_1)
FNDA:0,(anonymous_2)
DA:1,1
DA:2,1
DA:3,1
DA:4,1
DA:13,1
DA:14,1
DA:15,1
DA:16,1
DA:17,0
DA:19,1
DA:20,1
LF:11
LH:10
BRDA:16,0,0,0
BRF:1
BRH:0
end_of_record
TN:
SF:src/web/app/user-join-page.component.ts
FN:37,(anonymous_0)
FN:46,(anonymous_1)
FN:47,(anonymous_2)
FN:58,(anonymous_3)
FN:73,(anonymous_4)
FN:83,(anonymous_5)
FN:101,(anonymous_6)
FN:103,(anonymous_7)
FN:106,(anonymous_8)
FN:125,(anonymous_9)
FN:129,(anonymous_10)
FN:133,(anonymous_11)
FN:136,(anonymous_12)
FNF:13
FNH:12
FNDA:15,(anonymous_0)
FNDA:20,(anonymous_1)
FNDA:20,(anonymous_2)
FNDA:5,(anonymous_3)
FNDA:2,(anonymous_4)
FNDA:2,(anonymous_5)
FNDA:3,(anonymous_6)
FNDA:1,(anonymous_7)
FNDA:2,(anonymous_8)
FNDA:1,(anonymous_9)
FNDA:1,(anonymous_10)
FNDA:1,(anonymous_11)
FNDA:0,(anonymous_12)
DA:1,1
DA:2,1
DA:3,1
DA:4,1
DA:5,1
DA:6,1
DA:7,1
DA:8,1
DA:9,1
DA:10,1
DA:11,1
DA:13,1
DA:14,1
DA:25,1
DA:27,15
DA:28,15
DA:29,15
DA:30,15
DA:31,15
DA:32,15
DA:33,15
DA:35,15
DA:37,15
DA:38,15
DA:39,15
DA:40,15
DA:41,15
DA:42,15
DA:43,15
DA:44,15
DA:47,20
DA:48,20
DA:49,20
DA:50,20
DA:53,20
DA:54,5
DA:57,20
DA:58,20
DA:59,5
DA:60,1
DA:61,1
DA:62,1
DA:63,0
DA:64,0
DA:66,0
DA:68,4
DA:70,4
DA:74,2
DA:75,2
DA:78,2
DA:80,0
DA:84,2
DA:85,2
DA:86,2
DA:87,2
DA:89,0
DA:90,0
DA:91,0
DA:102,3
DA:104,1
DA:107,2
DA:109,2
DA:110,1
DA:111,1
DA:112,1
DA:114,1
DA:126,1
DA:127,1
DA:130,1
DA:134,1
DA:137,0
DA:138,0
DA:140,0
DA:141,0
DA:142,0
LF:75
LH:63
BRDA:53,0,0,5
BRDA:59,1,0,1
BRDA:61,2,0,1
BRDA:61,2,1,0
BRDA:63,3,0,0
BRDA:75,4,0,2
BRDA:75,4,1,0
BRDA:84,5,0,2
BRDA:109,6,0,1
BRDA:109,6,1,1
BRDA:137,7,0,0
BRDA:137,7,1,0
BRF:12
BRH:7
end_of_record
TN:
SF:src/web/app/components/adding-question-panel/adding-question-panel.component.ts
FN:35,(anonymous_1)
FN:42,(anonymous_2)
FN:49,(anonymous_3)
FNF:3
FNH:0
FNDA:0,(anonymous_1)
FNDA:0,(anonymous_2)
FNDA:0,(anonymous_3)
DA:1,4
DA:2,4
DA:12,4
DA:15,5
DA:18,5
DA:21,5
DA:24,5
DA:27,5
DA:30,5
DA:36,0
DA:43,0
DA:50,0
LF:12
LH:9
BRF:0
BRH:0
end_of_record
TN:
SF:src/web/app/components/ajax-loading/ajax-loading.component.ts
FNF:0
FNH:0
DA:1,28
DA:11,28
DA:14,7
DA:17,7
LF:4
LH:4
BRF:0
BRH:0
end_of_record
TN:
SF:src/web/app/components/ajax-preload/ajax-preload.component.ts
FNF:0
FNH:0
DA:1,6
DA:11,6
LF:2
LH:2
BRF:0
BRH:0
end_of_record
TN:
SF:src/web/app/components/comment-box/comment-to-comment-row-model.pipe.ts
FN:13,(anonymous_0)
FNF:1
FNH:1
FNDA:3,(anonymous_0)
DA:1,24
DA:11,24
DA:14,3
LF:3
LH:3
BRF:0
BRH:0
end_of_record
TN:
SF:src/web/app/components/comment-box/comment-visibility-setting.pipe.ts
FN:15,(anonymous_0)
FN:38,(anonymous_1)
FN:68,(anonymous_2)
FN:98,(anonymous_3)
FN:106,(anonymous_4)
FNF:5
FNH:3
FNDA:0,(anonymous_0)
FNDA:0,(anonymous_1)
FNDA:13,(anonymous_2)
FNDA:5,(anonymous_3)
FNDA:13,(anonymous_4)
DA:1,27
DA:2,27
DA:3,27
DA:11,27
DA:16,0
DA:18,0
DA:20,0
DA:22,0
DA:34,27
DA:39,0
DA:41,0
DA:43,0
DA:45,0
DA:47,0
DA:49,0
DA:51,0
DA:53,0
DA:64,27
DA:69,13
DA:71,5
DA:73,2
DA:75,4
DA:77,0
DA:79,0
DA:81,2
DA:83,0
DA:94,27
DA:99,5
DA:100,0
DA:103,5
DA:104,5
DA:106,5
DA:107,13
DA:109,13
DA:110,8
DA:114,5
LF:36
LH:20
BRDA:16,0,0,0
BRDA:16,0,1,0
BRDA:16,0,2,0
BRDA:39,1,0,0
BRDA:39,1,1,0
BRDA:39,1,2,0
BRDA:39,1,3,0
BRDA:39,1,4,0
BRDA:39,1,5,0
BRDA:39,1,6,0
BRDA:69,2,0,5
BRDA:69,2,1,2
BRDA:69,2,2,4
BRDA:69,2,3,0
BRDA:69,2,4,0
BRDA:69,2,5,2
BRDA:69,2,6,0
BRDA:99,3,0,0
BRDA:109,4,0,8
BRF:19
BRH:5
end_of_record
TN:
SF:src/web/app/components/comment-box/comments-to-comment-table-model.pipe.ts
FN:13,(anonymous_0)
FN:15,(anonymous_1)
FN:18,(anonymous_2)
FNF:3
FNH:3
FNDA:7,(anonymous_0)
FNDA:2,(anonymous_1)
FNDA:3,(anonymous_2)
DA:1,23
DA:4,23
DA:12,23
DA:13,7
DA:16,2
DA:19,3
LF:6
LH:6
BRF:0
BRH:0
end_of_record
TN:
SF:src/web/app/components/comment-box/comment-edit-form/comment-edit-form.component.ts
FN:87,(anonymous_0)
FN:91,(anonymous_1)
FN:98,(anonymous_2)
FN:125,(anonymous_3)
FN:132,(anonymous_4)
FN:139,(anonymous_5)
FN:149,(anonymous_6)
FN:156,(anonymous_7)
FN:163,(anonymous_8)
FNF:9
FNH:4
FNDA:4,(anonymous_0)
FNDA:4,(anonymous_1)
FNDA:3,(anonymous_2)
FNDA:0,(anonymous_3)
FNDA:0,(anonymous_4)
FNDA:3,(anonymous_5)
FNDA:0,(anonymous_6)
FNDA:0,(anonymous_7)
FNDA:0,(anonymous_8)
DA:1,26
DA:3,26
DA:4,26
DA:5,26
DA:11,26
DA:12,26
DA:13,26
DA:35,26
DA:38,4
DA:39,4
DA:40,4
DA:41,4
DA:44,4
DA:47,4
DA:56,4
DA:62,4
DA:64,4
DA:67,4
DA:70,4
DA:73,4
DA:76,4
DA:79,4
DA:82,4
DA:84,4
DA:87,4
DA:88,4
DA:92,4
DA:93,0
DA:94,0
DA:99,3
DA:100,3
DA:101,0
DA:105,0
DA:108,3
DA:111,3
DA:126,0
DA:133,0
DA:140,3
DA:150,0
DA:157,0
DA:165,0
DA:166,0
DA:168,0
DA:170,0
LF:44
LH:32
BRDA:92,0,0,0
BRDA:100,1,0,0
BRDA:100,1,1,3
BRDA:165,2,0,0
BRDA:165,2,1,0
BRF:5
BRH:1
end_of_record
TN:
SF:src/web/app/components/comment-box/comment-row/comment-row.component.ts
FN:106,(anonymous_0)
FN:111,(anonymous_1)
FN:130,(anonymous_2)
FN:137,(anonymous_3)
FN:144,(anonymous_4)
FN:149,(anonymous_5)
FN:151,(anonymous_6)
FN:157,(anonymous_7)
FNF:8
FNH:3
FNDA:8,(anonymous_0)
FNDA:7,(anonymous_1)
FNDA:0,(anonymous_2)
FNDA:0,(anonymous_3)
FNDA:0,(anonymous_4)
FNDA:0,(anonymous_5)
FNDA:0,(anonymous_6)
FNDA:3,(anonymous_7)
DA:1,25
DA:4,25
DA:5,25
DA:12,25
DA:13,25
DA:15,25
DA:46,25
DA:49,8
DA:50,8
DA:53,8
DA:56,8
DA:59,8
DA:62,8
DA:65,8
DA:68,8
DA:71,8
DA:74,8
DA:80,8
DA:83,8
DA:95,8
DA:98,8
DA:100,8
DA:102,8
DA:106,8
DA:107,8
DA:108,8
DA:112,7
DA:113,5
DA:114,5
DA:116,5
DA:118,0
DA:122,0
DA:131,0
DA:138,0
DA:145,0
DA:149,0
DA:150,0
DA:158,3
LF:38
LH:31
BRDA:112,0,0,5
BRDA:114,1,0,5
BRDA:114,1,1,0
BRF:3
BRH:2
end_of_record
TN:
SF:src/web/app/components/comment-box/comment-row/comment-row.mode.ts
FN:4,(anonymous_0)
FNF:1
FNH:1
FNDA:26,(anonymous_0)
DA:4,26
DA:8,26
DA:13,26
LF:3
LH:3
BRDA:4,0,0,26
BRDA:4,0,1,26
BRF:2
BRH:2
end_of_record
TN:
SF:src/web/app/components/comment-box/comment-table/comment-table.component.ts
FN:77,(anonymous_1)
FN:84,(anonymous_2)
FN:91,(anonymous_3)
FN:98,(anonymous_4)
FN:107,(anonymous_5)
FN:114,(anonymous_6)
FN:121,(anonymous_7)
FN:139,(anonymous_8)
FNF:8
FNH:2
FNDA:0,(anonymous_1)
FNDA:0,(anonymous_2)
FNDA:0,(anonymous_3)
FNDA:0,(anonymous_4)
FNDA:2,(anonymous_5)
FNDA:1,(anonymous_6)
FNDA:0,(anonymous_7)
FNDA:0,(anonymous_8)
DA:1,24
DA:5,24
DA:7,24
DA:29,24
DA:32,3
DA:38,3
DA:41,3
DA:44,3
DA:60,3
DA:63,3
DA:66,3
DA:69,3
DA:72,3
DA:78,0
DA:85,0
DA:92,0
DA:99,0
DA:100,0
DA:101,0
DA:108,2
DA:115,1
DA:122,0
DA:124,0
DA:125,0
DA:132,0
DA:133,0
DA:140,0
LF:27
LH:15
BRF:0
BRH:0
end_of_record
TN:
SF:src/web/app/components/comment-box/comment-table-modal/comment-table-modal.component.ts
FN:55,(anonymous_1)
FN:65,(anonymous_2)
FN:72,(anonymous_3)
FN:79,(anonymous_4)
FN:86,(anonymous_5)
FNF:5
FNH:1
FNDA:0,(anonymous_1)
FNDA:0,(anonymous_2)
FNDA:0,(anonymous_3)
FNDA:0,(anonymous_4)
FNDA:1,(anonymous_5)
DA:1,23
DA:2,23
DA:16,23
DA:22,1
DA:25,1
DA:44,1
DA:47,1
DA:50,1
DA:53,1
DA:56,0
DA:58,0
DA:66,0
DA:73,0
DA:80,0
DA:87,1
LF:15
LH:10
BRDA:56,0,0,0
BRF:1
BRH:0
end_of_record
TN:
SF:src/web/app/components/copy-course-modal/copy-course-modal.component.ts
FN:14,(anonymous_0)
FN:54,(anonymous_1)
FN:58,(anonymous_2)
FN:60,(anonymous_3)
FN:66,(anonymous_4)
FN:76,(anonymous_5)
FN:84,(anonymous_6)
FN:107,(anonymous_7)
FN:118,(anonymous_8)
FN:129,(anonymous_9)
FN:136,(anonymous_10)
FNF:11
FNH:5
FNDA:7546,(anonymous_0)
FNDA:7,(anonymous_1)
FNDA:7,(anonymous_2)
FNDA:4130,(anonymous_3)
FNDA:0,(anonymous_4)
FNDA:0,(anonymous_5)
FNDA:0,(anonymous_6)
FNDA:1,(anonymous_7)
FNDA:0,(anonymous_8)
FNDA:0,(anonymous_9)
FNDA:0,(anonymous_10)
DA:1,4
DA:2,4
DA:3,4
DA:4,4
DA:6,4
DA:14,7546
DA:24,4
DA:27,7
DA:28,7
DA:31,7
DA:34,7
DA:37,7
DA:39,7
DA:41,7
DA:42,7
DA:43,7
DA:44,7
DA:45,7
DA:46,7
DA:47,7
DA:48,7
DA:49,7
DA:50,7
DA:52,7
DA:54,7
DA:55,7
DA:56,7
DA:59,7
DA:61,4130
DA:62,4130
DA:63,4130
DA:64,4130
DA:66,7
DA:67,7
DA:68,0
DA:70,7
DA:77,0
DA:78,0
DA:80,0
DA:83,0
DA:84,0
DA:85,0
DA:86,0
DA:88,0
DA:91,0
DA:101,0
DA:108,1
DA:109,1
DA:111,0
DA:119,0
DA:120,0
DA:122,0
DA:130,0
DA:137,0
DA:139,0
DA:140,0
LF:56
LH:37
BRDA:63,0,0,1645
BRDA:63,0,1,2485
BRDA:64,1,0,357
BRDA:64,1,1,3773
BRDA:67,2,0,0
BRDA:77,3,0,0
BRDA:77,4,0,0
BRDA:77,4,1,0
BRDA:85,5,0,0
BRDA:108,6,0,1
BRDA:108,6,1,0
BRDA:119,7,0,0
BRDA:119,7,1,0
BRDA:119,8,0,0
BRDA:119,8,1,0
BRDA:119,9,0,0
BRDA:119,9,1,0
BRDA:139,10,0,0
BRF:18
BRH:5
end_of_record
TN:
SF:src/web/app/components/copy-session-modal/copy-session-modal.component.ts
FN:28,(anonymous_0)
FN:33,(anonymous_1)
FN:44,(anonymous_2)
FNF:3
FNH:2
FNDA:4,(anonymous_0)
FNDA:0,(anonymous_1)
FNDA:1,(anonymous_2)
DA:1,5
DA:2,5
DA:4,5
DA:14,5
DA:17,4
DA:20,4
DA:23,4
DA:25,4
DA:26,4
DA:28,4
DA:34,0
DA:45,1
DA:46,0
DA:48,1
LF:14
LH:12
BRDA:45,0,0,0
BRDA:45,0,1,1
BRF:2
BRH:1
end_of_record
TN:
SF:src/web/app/components/course-edit-form/course-edit-form-model.ts
FN:6,(anonymous_0)
FN:96,(anonymous_1)
FN:103,(anonymous_2)
FN:110,(anonymous_3)
FNF:4
FNH:4
FNDA:4,(anonymous_0)
FNDA:14,(anonymous_1)
FNDA:14,(anonymous_2)
FNDA:24,(anonymous_3)
DA:6,4
DA:10,4
DA:15,4
DA:57,4
DA:66,4
DA:72,4
DA:83,4
DA:96,4
DA:97,14
DA:103,4
DA:104,14
DA:110,4
DA:111,24
LF:13
LH:13
BRDA:6,0,0,4
BRDA:6,0,1,4
BRF:2
BRH:2
end_of_record
TN:
SF:src/web/app/components/course-edit-form/course-edit-form.component.ts
FN:21,(anonymous_0)
FN:76,(anonymous_1)
FN:50,(anonymous_2)
FN:82,(anonymous_3)
FN:86,(anonymous_4)
FN:90,(anonymous_5)
FN:94,(anonymous_6)
FN:98,(anonymous_7)
FN:102,(anonymous_8)
FN:106,(anonymous_9)
FN:110,(anonymous_10)
FN:114,(anonymous_11)
FN:118,(anonymous_12)
FN:124,(anonymous_13)
FN:141,(anonymous_14)
FN:144,(anonymous_15)
FN:148,(anonymous_16)
FN:151,(anonymous_17)
FN:158,(anonymous_18)
FN:173,(anonymous_19)
FN:183,(anonymous_20)
FN:189,(anonymous_21)
FN:205,(anonymous_22)
FN:212,(anonymous_23)
FN:219,(anonymous_24)
FN:231,(anonymous_25)
FN:238,(anonymous_26)
FN:241,(anonymous_27)
FN:244,(anonymous_28)
FN:248,(anonymous_29)
FN:249,(anonymous_30)
FN:256,(anonymous_31)
FN:257,(anonymous_32)
FN:258,(anonymous_33)
FNF:34
FNH:24
FNDA:7558,(anonymous_0)
FNDA:14,(anonymous_1)
FNDA:11,(anonymous_2)
FNDA:131,(anonymous_3)
FNDA:255,(anonymous_4)
FNDA:46,(anonymous_5)
FNDA:124,(anonymous_6)
FNDA:84,(anonymous_7)
FNDA:20,(anonymous_8)
FNDA:30,(anonymous_9)
FNDA:54,(anonymous_10)
FNDA:110,(anonymous_11)
FNDA:0,(anonymous_12)
FNDA:13,(anonymous_13)
FNDA:1,(anonymous_14)
FNDA:14,(anonymous_15)
FNDA:4,(anonymous_16)
FNDA:0,(anonymous_17)
FNDA:11,(anonymous_18)
FNDA:0,(anonymous_19)
FNDA:1,(anonymous_20)
FNDA:0,(anonymous_21)
FNDA:0,(anonymous_22)
FNDA:0,(anonymous_23)
FNDA:1,(anonymous_24)
FNDA:1,(anonymous_25)
FNDA:1,(anonymous_26)
FNDA:1,(anonymous_27)
FNDA:0,(anonymous_28)
FNDA:1,(anonymous_29)
FNDA:0,(anonymous_30)
FNDA:2,(anonymous_31)
FNDA:0,(anonymous_32)
FNDA:0,(anonymous_33)
DA:1,3
DA:2,3
DA:3,3
DA:4,3
DA:5,3
DA:6,3
DA:7,3
DA:9,3
DA:12,3
DA:13,3
DA:21,3
DA:22,7558
DA:23,6806
DA:25,752
DA:36,3
DA:39,14
DA:40,14
DA:45,14
DA:48,14
DA:51,11
DA:54,14
DA:57,14
DA:60,14
DA:63,14
DA:66,14
DA:69,14
DA:71,14
DA:72,14
DA:73,14
DA:74,14
DA:76,14
DA:77,14
DA:78,14
DA:79,14
DA:83,131
DA:87,255
DA:91,46
DA:95,124
DA:99,84
DA:103,20
DA:107,30
DA:111,54
DA:115,110
DA:119,0
DA:120,0
DA:125,13
DA:126,2
DA:129,11
DA:131,11
DA:132,4
DA:133,4
DA:134,4
DA:137,11
DA:138,7
DA:141,11
DA:145,14
DA:149,4
DA:150,4
DA:151,0
DA:152,4
DA:153,0
DA:159,11
DA:160,4137
DA:161,4137
DA:162,4137
DA:163,4137
DA:174,0
DA:175,0
DA:177,0
DA:184,1
DA:185,0
DA:188,1
DA:189,0
DA:190,0
DA:193,1
DA:194,0
DA:197,1
DA:198,1
DA:206,0
DA:213,0
DA:221,1
DA:222,1
DA:223,1
DA:224,1
DA:232,1
DA:233,1
DA:234,1
DA:235,1
DA:236,1
DA:238,1
DA:239,1
DA:242,1
DA:245,0
DA:248,1
DA:249,0
DA:257,2
DA:258,2
LF:97
LH:82
BRDA:22,0,0,6806
BRDA:91,1,0,32
BRDA:91,1,1,14
BRDA:95,2,0,108
BRDA:95,2,1,16
BRDA:107,3,0,24
BRDA:107,3,1,6
BRDA:111,4,0,28
BRDA:111,4,1,26
BRDA:115,5,0,110
BRDA:115,5,1,94
BRDA:115,5,2,54
BRDA:115,5,3,52
BRDA:119,6,0,0
BRDA:125,7,0,2
BRDA:131,8,0,4
BRDA:137,9,0,7
BRDA:149,10,0,4
BRDA:152,11,0,0
BRDA:162,12,0,1646
BRDA:162,12,1,2491
BRDA:165,13,0,358
BRDA:165,13,1,3779
BRDA:174,14,0,0
BRDA:184,15,0,0
BRDA:188,16,0,0
BRDA:193,17,0,0
BRDA:197,18,0,1
BRDA:221,19,0,1
BRDA:232,20,0,1
BRF:30
BRH:24
end_of_record
TN:
SF:src/web/app/components/course-related-info/course-related-info.component.ts
FNF:0
FNH:0
DA:1,2
DA:12,2
DA:15,1
LF:3
LH:3
BRF:0
BRH:0
end_of_record
TN:
SF:src/web/app/components/datepicker/datepicker-formatter.ts
FN:13,(anonymous_0)
FN:26,(anonymous_1)
FNF:2
FNH:1
FNDA:76,(anonymous_0)
FNDA:0,(anonymous_1)
DA:1,9
DA:2,9
DA:3,9
DA:5,9
DA:11,9
DA:14,76
DA:15,64
DA:18,12
DA:19,12
DA:20,12
DA:21,12
DA:23,12
DA:27,0
DA:28,0
LF:14
LH:12
BRDA:14,0,0,64
BRF:1
BRH:1
end_of_record
TN:
SF:src/web/app/components/datepicker/datepicker.component.ts
FN:30,(anonymous_0)
FN:32,(anonymous_1)
FN:36,(anonymous_2)
FNF:3
FNH:1
FNDA:32,(anonymous_0)
FNDA:0,(anonymous_1)
FNDA:0,(anonymous_2)
DA:1,11
DA:2,11
DA:13,11
DA:19,32
DA:28,32
DA:30,32
DA:33,0
DA:37,0
DA:38,0
LF:9
LH:6
BRF:0
BRH:0
end_of_record
TN:
SF:src/web/app/components/error-report/error-report.component.ts
FN:29,(anonymous_0)
FN:33,(anonymous_1)
FN:42,(anonymous_2)
FN:51,(anonymous_3)
FN:56,(anonymous_4)
FNF:5
FNH:5
FNDA:5,(anonymous_0)
FNDA:5,(anonymous_1)
FNDA:2,(anonymous_2)
FNDA:1,(anonymous_3)
FNDA:1,(anonymous_4)
DA:1,7
DA:2,7
DA:3,7
DA:4,7
DA:5,7
DA:17,7
DA:19,5
DA:20,5
DA:21,5
DA:22,5
DA:23,5
DA:24,5
DA:25,5
DA:26,5
DA:27,5
DA:29,5
DA:30,5
DA:31,5
DA:34,5
DA:35,0
DA:43,2
DA:49,2
DA:50,2
DA:52,1
DA:53,1
DA:54,1
DA:57,1
DA:58,1
LF:28
LH:27
BRDA:34,0,0,0
BRF:1
BRH:0
end_of_record
TN:
SF:src/web/app/components/extension-confirm-modal/extension-confirm-modal.component.ts
FN:10,(anonymous_0)
FN:40,(anonymous_1)
FN:52,(anonymous_2)
FN:57,(anonymous_3)
FN:61,(anonymous_4)
FN:65,(anonymous_5)
FN:69,(anonymous_6)
FN:75,(anonymous_7)
FN:78,(anonymous_8)
FN:110,(anonymous_9)
FN:116,(anonymous_10)
FN:119,(anonymous_11)
FNF:12
FNH:5
FNDA:4,(anonymous_0)
FNDA:3,(anonymous_1)
FNDA:0,(anonymous_2)
FNDA:38,(anonymous_3)
FNDA:38,(anonymous_4)
FNDA:26,(anonymous_5)
FNDA:0,(anonymous_6)
FNDA:0,(anonymous_7)
FNDA:0,(anonymous_8)
FNDA:0,(anonymous_9)
FNDA:0,(anonymous_10)
FNDA:0,(anonymous_11)
DA:1,4
DA:2,4
DA:3,4
DA:4,4
DA:10,4
DA:11,4
DA:12,4
DA:13,4
DA:21,4
DA:23,3
DA:26,3
DA:29,3
DA:32,3
DA:35,3
DA:38,3
DA:40,3
DA:42,3
DA:43,3
DA:44,3
DA:45,3
DA:46,3
DA:47,3
DA:49,3
DA:50,3
DA:53,0
DA:54,0
DA:58,38
DA:62,38
DA:66,26
DA:70,0
DA:71,0
DA:72,0
DA:78,0
DA:81,0
DA:83,0
DA:84,0
DA:85,0
DA:87,0
DA:88,0
DA:89,0
DA:91,0
DA:92,0
DA:93,0
DA:95,0
DA:96,0
DA:97,0
DA:99,0
DA:100,0
DA:101,0
DA:103,0
DA:104,0
DA:106,0
DA:111,0
DA:112,0
DA:113,0
DA:119,0
DA:122,0
DA:124,0
DA:125,0
DA:126,0
DA:128,0
DA:129,0
DA:130,0
DA:132,0
DA:133,0
DA:134,0
DA:136,0
DA:137,0
DA:138,0
DA:140,0
DA:141,0
DA:143,0
LF:72
LH:27
BRDA:10,0,0,4
BRDA:10,0,1,4
BRDA:71,1,0,0
BRDA:71,1,1,0
BRDA:81,2,0,0
BRDA:81,2,1,0
BRDA:81,2,2,0
BRDA:81,2,3,0
BRDA:81,2,4,0
BRDA:81,2,5,0
BRDA:112,3,0,0
BRDA:112,3,1,0
BRDA:122,4,0,0
BRDA:122,4,1,0
BRDA:122,4,2,0
BRDA:122,4,3,0
BRDA:122,4,4,0
BRDA:132,5,0,0
BRDA:132,5,1,0
BRDA:133,6,0,0
BRDA:133,6,1,0
BRF:21
BRH:2
end_of_record
TN:
SF:src/web/app/components/feedback-path-panel/feedback-path-panel.component.ts
FN:86,(anonymous_1)
FN:90,(anonymous_2)
FN:94,(anonymous_3)
FN:101,(anonymous_4)
FNF:4
FNH:0
FNDA:0,(anonymous_1)
FNDA:0,(anonymous_2)
FNDA:0,(anonymous_3)
FNDA:0,(anonymous_4)
DA:1,7
DA:2,7
DA:18,7
DA:21,12
DA:22,12
DA:23,12
DA:27,12
DA:67,12
DA:70,12
DA:73,12
DA:76,12
DA:79,12
DA:83,12
DA:87,0
DA:91,0
DA:95,0
DA:105,0
DA:106,0
DA:107,0
DA:108,0
DA:110,0
DA:112,0
DA:114,0
DA:119,0
LF:24
LH:13
BRDA:107,0,0,0
BRDA:110,1,0,0
BRDA:110,1,1,0
BRDA:110,2,0,0
BRDA:110,2,1,0
BRDA:112,3,0,0
BRF:6
BRH:0
end_of_record
TN:
SF:src/web/app/components/loader-bar/loader-bar.component.ts
FN:16,(anonymous_0)
FN:19,(anonymous_1)
FN:20,(anonymous_2)
FNF:3
FNH:2
FNDA:8,(anonymous_0)
FNDA:8,(anonymous_1)
FNDA:0,(anonymous_2)
DA:1,8
DA:2,8
DA:12,8
DA:14,8
DA:16,8
DA:20,8
LF:6
LH:6
BRF:0
BRH:0
end_of_record
TN:
SF:src/web/app/components/loading-retry/loading-retry.component.ts
FNF:0
FNH:0
DA:1,38
DA:11,38
DA:13,385
DA:15,385
DA:17,385
DA:19,385
LF:6
LH:6
BRF:0
BRH:0
end_of_record
TN:
SF:src/web/app/components/loading-spinner/loading-spinner.component.ts
FNF:0
FNH:0
DA:1,58
DA:11,58
LF:2
LH:2
BRF:0
BRH:0
end_of_record
TN:
SF:src/web/app/components/loading-spinner/loading-spinner.directive.ts
FN:19,(anonymous_0)
FN:24,(anonymous_1)
FNF:2
FNH:2
FNDA:609,(anonymous_0)
FNDA:771,(anonymous_1)
DA:1,57
DA:8,57
DA:16,57
DA:19,609
DA:20,609
DA:21,609
DA:25,771
DA:27,771
DA:28,433
DA:30,338
LF:10
LH:10
BRDA:27,0,0,433
BRDA:27,0,1,338
BRF:2
BRH:2
end_of_record
TN:
SF:src/web/app/components/logs-histogram/logs-histogram.component.ts
FN:27,(anonymous_1)
FN:32,(anonymous_2)
FN:38,(anonymous_3)
FN:52,(anonymous_4)
FN:57,(anonymous_5)
FN:70,(anonymous_6)
FN:71,(anonymous_7)
FN:72,(anonymous_8)
FN:91,(anonymous_9)
FN:92,(anonymous_10)
FN:93,(anonymous_11)
FN:100,(anonymous_12)
FN:101,(anonymous_13)
FN:102,(anonymous_14)
FN:105,(anonymous_15)
FN:110,(anonymous_16)
FN:117,(anonymous_17)
FNF:17
FNH:3
FNDA:1,(anonymous_1)
FNDA:0,(anonymous_2)
FNDA:1,(anonymous_3)
FNDA:0,(anonymous_4)
FNDA:0,(anonymous_5)
FNDA:1,(anonymous_6)
FNDA:0,(anonymous_7)
FNDA:0,(anonymous_8)
FNDA:0,(anonymous_9)
FNDA:0,(anonymous_10)
FNDA:0,(anonymous_11)
FNDA:0,(anonymous_12)
FNDA:0,(anonymous_13)
FNDA:0,(anonymous_14)
FNDA:0,(anonymous_15)
FNDA:0,(anonymous_16)
FNDA:0,(anonymous_17)
DA:1,2
DA:2,2
DA:13,2
DA:16,1
DA:20,1
DA:21,1
DA:22,1
DA:28,1
DA:29,1
DA:33,0
DA:34,0
DA:39,1
DA:40,1
DA:42,1
DA:47,1
DA:51,1
DA:52,0
DA:56,1
DA:57,0
DA:60,1
DA:64,1
DA:71,1
DA:72,1
DA:73,1
DA:75,1
DA:85,1
DA:88,1
DA:90,1
DA:91,0
DA:92,0
DA:93,0
DA:96,1
DA:100,0
DA:101,0
DA:102,0
DA:106,0
DA:111,0
DA:112,0
DA:113,0
DA:117,0
LF:40
LH:25
BRDA:33,0,0,0
BRDA:57,1,0,1
BRDA:57,1,1,1
BRF:3
BRH:2
end_of_record
TN:
SF:src/web/app/components/logs-table/logs-table.component.ts
FN:33,(anonymous_1)
FN:37,(anonymous_2)
FN:50,(anonymous_3)
FN:54,(anonymous_4)
FN:58,(anonymous_5)
FN:62,(anonymous_6)
FN:66,(anonymous_7)
FNF:7
FNH:0
FNDA:0,(anonymous_1)
FNDA:0,(anonymous_2)
FNDA:0,(anonymous_3)
FNDA:0,(anonymous_4)
FNDA:0,(anonymous_5)
FNDA:0,(anonymous_6)
FNDA:0,(anonymous_7)
DA:1,2
DA:2,2
DA:13,2
DA:15,2
DA:18,2
DA:20,2
DA:23,2
DA:25,2
DA:27,2
DA:29,2
DA:31,2
DA:34,0
DA:38,0
DA:40,0
DA:42,0
DA:44,0
DA:46,0
DA:51,0
DA:55,0
DA:59,0
DA:63,0
DA:67,0
LF:22
LH:11
BRDA:38,0,0,0
BRDA:38,0,1,0
BRDA:38,0,2,0
BRDA:38,0,3,0
BRF:4
BRH:0
end_of_record
TN:
SF:src/web/app/components/logs-table/log-details/email-log-details.component.ts
FN:18,(anonymous_0)
FN:23,(anonymous_1)
FNF:2
FNH:0
FNDA:0,(anonymous_0)
FNDA:0,(anonymous_1)
DA:1,3
DA:2,3
DA:12,3
DA:20,0
DA:24,0
DA:25,0
DA:26,0
DA:27,0
DA:28,0
DA:29,0
LF:10
LH:3
BRDA:25,0,0,0
BRDA:25,1,0,0
BRDA:25,1,1,0
BRF:3
BRH:0
end_of_record
TN:
SF:src/web/app/components/logs-table/log-details/exception-log-details.component.ts
FN:18,(anonymous_0)
FN:23,(anonymous_1)
FN:38,(anonymous_2)
FN:53,(anonymous_3)
FNF:4
FNH:0
FNDA:0,(anonymous_0)
FNDA:0,(anonymous_1)
FNDA:0,(anonymous_2)
FNDA:0,(anonymous_3)
DA:1,3
DA:2,3
DA:12,3
DA:20,0
DA:24,0
DA:25,0
DA:26,0
DA:27,0
DA:29,0
DA:30,0
DA:31,0
DA:32,0
DA:33,0
DA:39,0
DA:40,0
DA:42,0
DA:43,0
DA:46,0
DA:47,0
DA:48,0
DA:49,0
DA:50,0
DA:52,0
DA:53,0
DA:56,0
LF:25
LH:3
BRDA:25,0,0,0
BRDA:25,1,0,0
BRDA:25,1,1,0
BRDA:30,2,0,0
BRDA:39,3,0,0
BRDA:42,4,0,0
BRDA:42,5,0,0
BRDA:42,5,1,0
BRDA:49,6,0,0
BRDA:49,7,0,0
BRDA:49,7,1,0
BRF:11
BRH:0
end_of_record
TN:
SF:src/web/app/components/logs-table/log-details/generic-log-details.component.ts
FN:16,(anonymous_0)
FN:21,(anonymous_1)
FNF:2
FNH:1
FNDA:2,(anonymous_0)
FNDA:0,(anonymous_1)
DA:1,3
DA:12,3
DA:18,2
DA:22,0
LF:4
LH:3
BRF:0
BRH:0
end_of_record
TN:
SF:src/web/app/components/logs-table/log-details/request-log-details.component.ts
FN:22,(anonymous_1)
FN:27,(anonymous_2)
FN:47,(anonymous_3)
FNF:3
FNH:0
FNDA:0,(anonymous_1)
FNDA:0,(anonymous_2)
FNDA:0,(anonymous_3)
DA:1,3
DA:2,3
DA:12,3
DA:20,1
DA:24,0
DA:28,0
DA:29,0
DA:30,0
DA:31,0
DA:32,0
DA:34,0
DA:35,0
DA:36,0
DA:37,0
DA:43,0
DA:48,0
LF:16
LH:4
BRDA:29,0,0,0
BRDA:29,1,0,0
BRDA:29,1,1,0
BRDA:34,2,0,0
BRF:4
BRH:0
end_of_record
TN:
SF:src/web/app/components/logs-table/log-line/exception-log-line.component.ts
FN:21,(anonymous_1)
FN:26,(anonymous_2)
FN:35,(anonymous_3)
FNF:3
FNH:0
FNDA:0,(anonymous_1)
FNDA:0,(anonymous_2)
FNDA:0,(anonymous_3)
DA:1,3
DA:2,3
DA:12,3
DA:15,1
DA:16,1
DA:19,1
DA:23,0
DA:27,0
DA:28,0
DA:29,0
DA:30,0
DA:31,0
DA:36,0
LF:13
LH:6
BRDA:28,0,0,0
BRDA:28,1,0,0
BRDA:28,1,1,0
BRDA:31,2,0,0
BRDA:31,2,1,0
BRF:5
BRH:0
end_of_record
TN:
SF:src/web/app/components/logs-table/log-line/generic-log-line.component.ts
FN:17,(anonymous_1)
FN:22,(anonymous_2)
FNF:2
FNH:0
FNDA:0,(anonymous_1)
FNDA:0,(anonymous_2)
DA:1,3
DA:12,3
DA:15,1
DA:19,0
DA:23,0
DA:24,0
DA:25,0
DA:26,0
DA:27,0
LF:9
LH:3
BRDA:24,0,0,0
BRDA:24,0,1,0
BRDA:26,1,0,0
BRDA:27,2,0,0
BRDA:27,2,1,0
BRF:5
BRH:0
end_of_record
TN:
SF:src/web/app/components/logs-table/log-line/request-log-line.component.ts
FN:23,(anonymous_1)
FN:28,(anonymous_2)
FN:39,(anonymous_3)
FN:53,(anonymous_4)
FNF:4
FNH:1
FNDA:0,(anonymous_1)
FNDA:0,(anonymous_2)
FNDA:2,(anonymous_3)
FNDA:0,(anonymous_4)
DA:1,3
DA:2,3
DA:12,3
DA:15,1
DA:16,1
DA:18,1
DA:21,1
DA:25,0
DA:29,0
DA:30,0
DA:31,0
DA:32,0
DA:33,0
DA:34,0
DA:35,0
DA:40,2
DA:41,2
DA:43,0
DA:45,0
DA:47,0
DA:49,2
DA:54,0
LF:22
LH:10
BRDA:30,0,0,0
BRDA:30,1,0,0
BRDA:30,1,1,0
BRDA:41,2,0,0
BRDA:41,2,1,0
BRDA:41,2,2,0
BRDA:41,2,3,2
BRF:7
BRH:1
end_of_record
TN:
SF:src/web/app/components/notification-banner/notification-banner.component.ts
FN:28,(anonymous_0)
FN:31,(anonymous_1)
FN:37,(anonymous_2)
FN:44,(anonymous_3)
FN:46,(anonymous_4)
FN:51,(anonymous_5)
FN:57,(anonymous_6)
FN:61,(anonymous_7)
FN:67,(anonymous_8)
FN:71,(anonymous_9)
FNF:10
FNH:8
FNDA:7,(anonymous_0)
FNDA:8,(anonymous_1)
FNDA:0,(anonymous_2)
FNDA:1,(anonymous_3)
FNDA:1,(anonymous_4)
FNDA:1,(anonymous_5)
FNDA:1,(anonymous_6)
FNDA:0,(anonymous_7)
FNDA:2,(anonymous_8)
FNDA:8,(anonymous_9)
DA:1,8
DA:2,8
DA:3,8
DA:4,8
DA:6,8
DA:17,8
DA:20,7
DA:23,7
DA:25,7
DA:26,7
DA:28,7
DA:29,7
DA:32,8
DA:33,1
DA:39,0
DA:40,0
DA:45,1
DA:47,1
DA:52,1
DA:58,1
DA:59,1
DA:62,0
DA:68,2
DA:72,8
LF:24
LH:21
BRDA:32,0,0,1
BRDA:39,1,0,0
BRF:2
BRH:1
end_of_record
TN:
SF:src/web/app/components/panel-chevron/panel-chevron.component.ts
FNF:0
FNH:0
DA:1,35
DA:13,35
DA:15,203
LF:3
LH:3
BRF:0
BRH:0
end_of_record
TN:
SF:src/web/app/components/preview-session-panel/preview-session-panel.component.ts
FNF:0
FNH:0
DA:1,4
DA:15,4
DA:18,5
DA:21,5
DA:24,5
DA:27,5
DA:30,5
DA:33,5
DA:36,5
LF:9
LH:9
BRF:0
BRH:0
end_of_record
TN:
SF:src/web/app/components/progress-bar/progress-bar.component.ts
FN:15,(anonymous_0)
FN:17,(anonymous_1)
FN:21,(anonymous_2)
FN:22,(anonymous_3)
FNF:4
FNH:3
FNDA:2,(anonymous_0)
FNDA:2,(anonymous_1)
FNDA:2,(anonymous_2)
FNDA:0,(anonymous_3)
DA:1,6
DA:2,6
DA:11,6
DA:13,2
DA:15,2
DA:18,2
DA:22,2
DA:23,0
LF:8
LH:7
BRF:0
BRH:0
end_of_record
TN:
SF:src/web/app/components/question-edit-brief-description-form/question-edit-brief-description-form.component.ts
FN:34,(anonymous_1)
FN:41,(anonymous_2)
FNF:2
FNH:0
FNDA:0,(anonymous_1)
FNDA:0,(anonymous_2)
DA:1,7
DA:11,7
DA:14,12
DA:17,12
DA:20,12
DA:23,12
DA:26,12
DA:29,12
DA:35,0
DA:42,0
LF:10
LH:8
BRF:0
BRH:0
end_of_record
TN:
SF:src/web/app/components/question-edit-form/question-edit-form-model.ts
FN:12,(anonymous_0)
FNF:1
FNH:1
FNDA:5,(anonymous_0)
DA:12,5
DA:16,5
DA:21,5
LF:3
LH:3
BRDA:12,0,0,5
BRDA:12,0,1,5
BRF:2
BRH:2
end_of_record
TN:
SF:src/web/app/components/question-edit-form/question-edit-form.component.ts
FN:193,(anonymous_0)
FN:59,(anonymous_1)
FN:107,(anonymous_2)
FN:200,(anonymous_3)
FN:201,(anonymous_4)
FN:207,(anonymous_5)
FN:224,(anonymous_6)
FN:229,(anonymous_7)
FN:232,(anonymous_8)
FN:235,(anonymous_9)
FN:243,(anonymous_10)
FN:254,(anonymous_11)
FN:265,(anonymous_12)
FN:267,(anonymous_13)
FN:270,(anonymous_14)
FN:282,(anonymous_15)
FN:297,(anonymous_16)
FN:299,(anonymous_17)
FN:308,(anonymous_18)
FN:310,(anonymous_19)
FN:320,(anonymous_20)
FN:322,(anonymous_21)
FN:333,(anonymous_22)
FN:340,(anonymous_23)
FNF:24
FNH:7
FNDA:12,(anonymous_0)
FNDA:14,(anonymous_1)
FNDA:22,(anonymous_2)
FNDA:27,(anonymous_3)
FNDA:13,(anonymous_4)
FNDA:4,(anonymous_5)
FNDA:0,(anonymous_6)
FNDA:0,(anonymous_7)
FNDA:0,(anonymous_8)
FNDA:0,(anonymous_9)
FNDA:15,(anonymous_10)
FNDA:0,(anonymous_11)
FNDA:0,(anonymous_12)
FNDA:0,(anonymous_13)
FNDA:0,(anonymous_14)
FNDA:0,(anonymous_15)
FNDA:0,(anonymous_16)
FNDA:0,(anonymous_17)
FNDA:0,(anonymous_18)
FNDA:0,(anonymous_19)
FNDA:0,(anonymous_20)
FNDA:0,(anonymous_21)
FNDA:0,(anonymous_22)
FNDA:0,(anonymous_23)
DA:1,5
DA:3,5
DA:4,5
DA:6,5
DA:13,5
DA:14,5
DA:15,5
DA:16,5
DA:18,5
DA:25,5
DA:32,5
DA:48,5
DA:51,12
DA:52,12
DA:53,12
DA:54,12
DA:56,12
DA:57,12
DA:61,14
DA:63,14
DA:64,14
DA:65,14
DA:67,14
DA:71,14
DA:76,14
DA:78,14
DA:80,14
DA:81,14
DA:84,12
DA:87,14
DA:89,5
DA:90,5
DA:91,24
DA:96,1
DA:97,1
DA:98,1
DA:108,22
DA:112,12
DA:115,12
DA:120,12
DA:123,12
DA:125,12
DA:165,12
DA:168,12
DA:171,12
DA:174,12
DA:177,12
DA:180,12
DA:183,12
DA:185,12
DA:187,12
DA:189,12
DA:193,12
DA:194,12
DA:195,12
DA:201,27
DA:209,4
DA:225,0
DA:229,0
DA:232,0
DA:235,0
DA:244,15
DA:245,15
DA:246,29
DA:248,15
DA:255,0
DA:258,0
DA:259,0
DA:261,0
DA:265,0
DA:266,0
DA:271,0
DA:272,0
DA:274,0
DA:275,0
DA:283,0
DA:284,0
DA:287,0
DA:288,0
DA:289,0
DA:291,0
DA:295,0
DA:297,0
DA:298,0
DA:300,0
DA:302,0
DA:306,0
DA:308,0
DA:309,0
DA:311,0
DA:313,0
DA:318,0
DA:320,0
DA:321,0
DA:325,0
DA:326,0
DA:334,0
DA:341,0
LF:98
LH:61
BRDA:78,0,0,14
BRDA:81,1,0,12
BRDA:81,2,0,14
BRDA:81,2,1,14
BRDA:87,3,0,5
BRDA:87,4,0,14
BRDA:87,4,1,9
BRDA:91,5,0,1
BRDA:91,6,0,24
BRDA:91,6,1,2
BRDA:91,6,2,1
BRDA:201,7,0,27
BRDA:201,7,1,10
BRDA:212,8,0,4
BRDA:212,8,1,4
BRDA:212,8,2,0
BRDA:214,9,0,4
BRDA:214,9,1,4
BRDA:214,9,2,0
BRDA:216,10,0,4
BRDA:216,10,1,1
BRDA:216,10,2,1
BRDA:228,11,0,0
BRDA:228,11,1,0
BRDA:228,11,2,0
BRDA:231,12,0,0
BRDA:231,12,1,0
BRDA:231,12,2,0
BRDA:234,13,0,0
BRDA:234,13,1,0
BRDA:234,13,2,0
BRDA:255,14,0,0
BRDA:255,15,0,0
BRDA:255,15,1,0
BRDA:255,15,2,0
BRDA:262,16,0,0
BRDA:262,16,1,0
BRDA:271,17,0,0
BRDA:274,18,0,0
BRDA:283,19,0,0
BRDA:284,20,0,0
BRDA:284,20,1,0
BRDA:284,20,2,0
BRDA:287,21,0,0
BRDA:287,21,1,0
BRDA:287,22,0,0
BRDA:287,22,1,0
BRDA:287,22,2,0
BRDA:289,23,0,0
BRDA:289,23,1,0
BRDA:300,24,0,0
BRDA:300,24,1,0
BRDA:311,25,0,0
BRDA:325,26,0,0
BRF:54
BRH:20
end_of_record
TN:
SF:src/web/app/components/question-response-panel/question-response-panel.component.ts
FN:32,(anonymous_0)
FN:64,(anonymous_1)
FN:67,(anonymous_2)
FN:71,(anonymous_3)
FN:80,(anonymous_4)
FN:92,(anonymous_5)
FN:110,(anonymous_6)
FN:115,(anonymous_7)
FN:122,(anonymous_8)
FNF:9
FNH:7
FNDA:21,(anonymous_0)
FNDA:10,(anonymous_1)
FNDA:4,(anonymous_2)
FNDA:0,(anonymous_3)
FNDA:1,(anonymous_4)
FNDA:1,(anonymous_5)
FNDA:1,(anonymous_6)
FNDA:0,(anonymous_7)
FNDA:3,(anonymous_8)
DA:1,4
DA:2,4
DA:3,4
DA:4,4
DA:14,4
DA:26,4
DA:28,21
DA:32,21
DA:33,21
DA:36,21
DA:39,21
DA:59,21
DA:62,21
DA:65,10
DA:66,10
DA:67,10
DA:68,4
DA:70,0
DA:71,0
DA:72,0
DA:74,0
DA:81,1
DA:83,0
DA:85,1
DA:93,1
DA:94,1
DA:95,1
DA:96,1
DA:97,1
DA:98,1
DA:99,1
DA:100,1
DA:102,0
DA:103,0
DA:104,0
DA:111,1
DA:112,1
DA:113,1
DA:116,0
DA:117,0
DA:123,3
DA:124,1
DA:125,1
LF:43
LH:33
BRDA:66,0,0,10
BRDA:70,1,0,0
BRDA:81,2,0,0
BRDA:94,3,0,1
BRDA:94,3,1,0
BRDA:103,4,0,0
BRDA:123,5,0,1
BRDA:123,6,0,3
BRDA:123,6,1,3
BRDA:123,6,2,3
BRDA:123,6,3,1
BRF:11
BRH:7
end_of_record
TN:
SF:src/web/app/components/question-responses/instructor-responses-view-base.ts
FN:52,(anonymous_1)
FN:62,(anonymous_2)
FN:72,(anonymous_3)
FN:79,(anonymous_4)
FN:88,(anonymous_5)
FNF:5
FNH:0
FNDA:0,(anonymous_1)
FNDA:0,(anonymous_2)
FNDA:0,(anonymous_3)
FNDA:0,(anonymous_4)
FNDA:0,(anonymous_5)
DA:1,14
DA:2,14
DA:15,14
DA:16,4
DA:35,4
DA:36,4
DA:38,4
DA:39,4
DA:40,4
DA:44,4
DA:53,0
DA:63,0
DA:73,0
DA:81,0
DA:82,0
DA:89,0
LF:16
LH:10
BRF:0
BRH:0
end_of_record
TN:
SF:src/web/app/components/question-responses/gqr-rqg-view-responses/gqr-rqg-view-responses.component.ts
FN:72,(anonymous_0)
FN:76,(anonymous_1)
FN:80,(anonymous_2)
FN:84,(anonymous_3)
FN:156,(anonymous_4)
FN:196,(anonymous_5)
FNF:6
FNH:3
FNDA:1,(anonymous_0)
FNDA:1,(anonymous_1)
FNDA:0,(anonymous_2)
FNDA:1,(anonymous_3)
FNDA:0,(anonymous_4)
FNDA:0,(anonymous_5)
DA:1,7
DA:2,7
DA:3,7
DA:10,7
DA:13,7
DA:14,7
DA:31,7
DA:33,1
DA:34,1
DA:35,1
DA:36,1
DA:37,1
DA:38,1
DA:39,1
DA:40,1
DA:59,1
DA:61,1
DA:62,1
DA:63,1
DA:65,1
DA:66,1
DA:67,1
DA:69,1
DA:70,1
DA:72,1
DA:73,1
DA:77,1
DA:81,0
DA:85,1
DA:86,1
DA:87,1
DA:88,1
DA:89,1
DA:90,1
DA:91,1
DA:92,1
DA:93,1
DA:94,0
DA:95,0
DA:97,0
DA:100,0
DA:101,0
DA:103,0
DA:106,0
DA:108,0
DA:109,0
DA:112,0
DA:113,0
DA:115,0
DA:116,0
DA:119,0
DA:120,0
DA:121,0
DA:122,0
DA:123,0
DA:125,0
DA:126,0
DA:129,0
DA:130,0
DA:133,0
DA:135,0
DA:136,0
DA:137,0
DA:138,0
DA:140,0
DA:141,0
DA:143,0
DA:144,0
DA:145,0
DA:146,0
DA:148,0
DA:153,1
DA:154,0
DA:155,0
DA:156,0
DA:157,0
DA:159,0
DA:161,0
DA:162,0
DA:164,0
DA:165,0
DA:168,0
DA:171,0
DA:172,0
DA:175,0
DA:178,0
DA:179,0
DA:180,0
DA:188,1
DA:189,0
DA:190,0
DA:193,0
DA:195,0
DA:196,0
DA:197,0
DA:199,0
DA:201,0
DA:202,0
DA:204,0
DA:205,0
DA:208,0
DA:211,0
DA:212,0
DA:215,0
DA:218,0
DA:219,0
DA:220,0
LF:107
LH:38
BRDA:95,0,0,0
BRDA:95,1,0,0
BRDA:95,1,1,0
BRDA:100,2,0,0
BRDA:101,3,0,0
BRDA:101,4,0,0
BRDA:101,4,1,0
BRDA:101,4,2,0
BRDA:101,4,3,0
BRDA:108,5,0,0
BRDA:112,6,0,0
BRDA:115,7,0,0
BRDA:119,8,0,0
BRDA:119,8,1,0
BRDA:120,9,0,0
BRDA:120,9,1,0
BRDA:121,10,0,0
BRDA:125,11,0,0
BRDA:133,12,0,0
BRDA:135,13,0,0
BRDA:135,13,1,0
BRDA:136,14,0,0
BRDA:143,15,0,0
BRDA:143,15,1,0
BRDA:144,16,0,0
BRDA:157,17,0,0
BRDA:157,18,0,0
BRDA:157,18,1,0
BRDA:161,19,0,0
BRDA:161,20,0,0
BRDA:161,20,1,0
BRDA:164,21,0,0
BRDA:164,22,0,0
BRDA:164,22,1,0
BRDA:171,23,0,0
BRDA:178,24,0,0
BRDA:179,25,0,0
BRDA:179,25,1,0
BRDA:190,26,0,0
BRDA:190,27,0,0
BRDA:190,27,1,0
BRDA:197,28,0,0
BRDA:201,29,0,0
BRDA:201,30,0,0
BRDA:201,30,1,0
BRDA:204,31,0,0
BRDA:204,32,0,0
BRDA:204,32,1,0
BRDA:211,33,0,0
BRDA:218,34,0,0
BRDA:219,35,0,0
BRDA:219,35,1,0
BRF:52
BRH:0
end_of_record
TN:
SF:src/web/app/components/question-responses/grouped-responses/grouped-responses.component.ts
FN:51,(anonymous_1)
FN:52,(anonymous_2)
FN:53,(anonymous_3)
FN:56,(anonymous_4)
FN:68,(anonymous_5)
FNF:5
FNH:1
FNDA:1,(anonymous_1)
FNDA:0,(anonymous_2)
FNDA:0,(anonymous_3)
FNDA:0,(anonymous_4)
FNDA:0,(anonymous_5)
DA:1,9
DA:2,9
DA:8,9
DA:10,9
DA:20,9
DA:23,1
DA:25,1
DA:26,1
DA:28,1
DA:29,1
DA:30,1
DA:49,1
DA:52,1
DA:53,0
DA:57,0
DA:58,0
DA:59,0
DA:60,0
DA:62,0
DA:64,0
DA:65,0
DA:69,0
DA:70,0
DA:71,0
LF:24
LH:13
BRDA:59,0,0,0
BRDA:59,0,1,0
BRDA:62,1,0,0
BRDA:62,1,1,0
BRF:4
BRH:0
end_of_record
TN:
SF:src/web/app/components/question-responses/grq-rgq-view-responses/grq-rgq-view-responses.component.ts
FN:69,(anonymous_0)
FN:73,(anonymous_1)
FN:77,(anonymous_2)
FN:81,(anonymous_3)
FN:85,(anonymous_4)
FN:161,(anonymous_5)
FN:184,(anonymous_6)
FN:189,(anonymous_7)
FN:198,(anonymous_8)
FNF:9
FNH:3
FNDA:1,(anonymous_0)
FNDA:1,(anonymous_1)
FNDA:0,(anonymous_2)
FNDA:0,(anonymous_3)
FNDA:1,(anonymous_4)
FNDA:0,(anonymous_5)
FNDA:0,(anonymous_6)
FNDA:0,(anonymous_7)
FNDA:0,(anonymous_8)
DA:2,8
DA:3,8
DA:4,8
DA:12,8
DA:15,8
DA:16,8
DA:27,8
DA:29,1
DA:30,1
DA:31,1
DA:32,1
DA:33,1
DA:34,1
DA:35,1
DA:36,1
DA:55,1
DA:57,1
DA:58,1
DA:59,1
DA:60,1
DA:62,1
DA:63,1
DA:64,1
DA:66,1
DA:67,1
DA:69,1
DA:70,1
DA:74,1
DA:78,0
DA:82,0
DA:86,1
DA:87,1
DA:88,1
DA:89,1
DA:90,1
DA:91,1
DA:92,1
DA:93,1
DA:94,1
DA:95,0
DA:96,0
DA:98,0
DA:101,0
DA:102,0
DA:104,0
DA:107,0
DA:109,0
DA:110,0
DA:113,0
DA:114,0
DA:116,0
DA:117,0
DA:120,0
DA:121,0
DA:122,0
DA:123,0
DA:124,0
DA:125,0
DA:126,0
DA:128,0
DA:129,0
DA:131,0
DA:132,0
DA:135,0
DA:136,0
DA:137,0
DA:138,0
DA:139,0
DA:140,0
DA:141,0
DA:142,0
DA:146,0
DA:147,0
DA:148,0
DA:149,0
DA:156,1
DA:157,0
DA:159,0
DA:160,0
DA:161,0
DA:162,0
DA:164,0
DA:166,0
DA:167,0
DA:169,0
DA:170,0
DA:173,0
DA:176,0
DA:177,0
DA:180,0
DA:183,0
DA:184,0
DA:185,0
DA:187,0
DA:188,0
DA:189,0
DA:190,0
DA:192,0
DA:193,0
DA:194,0
DA:196,0
DA:197,0
DA:198,0
LF:103
LH:38
BRDA:96,0,0,0
BRDA:96,1,0,0
BRDA:96,1,1,0
BRDA:101,2,0,0
BRDA:102,3,0,0
BRDA:102,4,0,0
BRDA:102,4,1,0
BRDA:102,4,2,0
BRDA:102,4,3,0
BRDA:109,5,0,0
BRDA:113,6,0,0
BRDA:116,7,0,0
BRDA:120,8,0,0
BRDA:120,8,1,0
BRDA:121,9,0,0
BRDA:121,9,1,0
BRDA:122,10,0,0
BRDA:122,10,1,0
BRDA:123,11,0,0
BRDA:128,12,0,0
BRDA:135,13,0,0
BRDA:135,13,1,0
BRDA:137,14,0,0
BRDA:137,14,1,0
BRDA:138,15,0,0
BRDA:138,15,1,0
BRDA:139,16,0,0
BRDA:146,17,0,0
BRDA:146,17,1,0
BRDA:147,18,0,0
BRDA:162,19,0,0
BRDA:162,20,0,0
BRDA:162,20,1,0
BRDA:166,21,0,0
BRDA:166,22,0,0
BRDA:166,22,1,0
BRDA:169,23,0,0
BRDA:169,24,0,0
BRDA:169,24,1,0
BRDA:176,25,0,0
BRDA:183,26,0,0
BRDA:185,27,0,0
BRDA:185,27,1,0
BRDA:190,28,0,0
BRDA:190,28,1,0
BRDA:192,29,0,0
BRDA:192,29,1,0
BRDA:193,30,0,0
BRDA:193,30,1,0
BRDA:196,31,0,0
BRF:50
BRH:0
end_of_record
TN:
SF:src/web/app/components/question-responses/per-question-view-responses/per-question-view-responses.component.ts
FN:63,(anonymous_0)
FN:70,(anonymous_1)
FN:74,(anonymous_2)
FN:78,(anonymous_3)
FN:97,(anonymous_4)
FN:107,(anonymous_5)
FN:117,(anonymous_6)
FN:121,(anonymous_7)
FN:128,(anonymous_8)
FN:159,(anonymous_9)
FN:166,(anonymous_10)
FN:166,(anonymous_11)
FN:174,(anonymous_12)
FNF:13
FNH:3
FNDA:1,(anonymous_0)
FNDA:1,(anonymous_1)
FNDA:0,(anonymous_2)
FNDA:1,(anonymous_3)
FNDA:0,(anonymous_4)
FNDA:0,(anonymous_5)
FNDA:0,(anonymous_6)
FNDA:0,(anonymous_7)
FNDA:0,(anonymous_8)
FNDA:0,(anonymous_9)
FNDA:0,(anonymous_10)
FNDA:0,(anonymous_11)
FNDA:0,(anonymous_12)
DA:1,9
DA:2,9
DA:3,9
DA:4,9
DA:5,9
DA:6,9
DA:10,9
DA:11,9
DA:14,9
DA:24,9
DA:26,1
DA:27,1
DA:29,1
DA:30,1
DA:31,1
DA:32,1
DA:33,1
DA:34,1
DA:35,1
DA:36,1
DA:54,1
DA:55,1
DA:57,1
DA:58,1
DA:59,1
DA:63,1
DA:64,1
DA:65,1
DA:66,1
DA:67,1
DA:71,1
DA:75,0
DA:79,1
DA:80,1
DA:81,0
DA:83,0
DA:86,0
DA:89,0
DA:90,0
DA:93,0
DA:97,1
DA:98,1
DA:99,0
DA:100,0
DA:103,1
DA:108,0
DA:109,0
DA:111,0
DA:112,0
DA:114,0
DA:119,0
DA:121,0
DA:122,0
DA:128,0
DA:131,0
DA:133,0
DA:134,0
DA:135,0
DA:137,0
DA:138,0
DA:139,0
DA:141,0
DA:142,0
DA:143,0
DA:145,0
DA:146,0
DA:147,0
DA:149,0
DA:150,0
DA:152,0
DA:164,0
DA:165,0
DA:166,0
DA:167,0
DA:175,0
LF:75
LH:36
BRDA:81,0,0,0
BRDA:81,1,0,0
BRDA:81,1,1,0
BRDA:89,2,0,0
BRDA:98,3,0,0
BRDA:98,3,1,1
BRDA:108,4,0,0
BRDA:108,4,1,0
BRDA:108,5,0,0
BRDA:108,5,1,0
BRDA:109,6,0,0
BRDA:109,6,1,0
BRDA:119,7,0,0
BRDA:122,8,0,0
BRDA:122,8,1,0
BRDA:122,8,2,0
BRDA:122,8,3,0
BRDA:131,9,0,0
BRDA:131,9,1,0
BRDA:131,9,2,0
BRDA:131,9,3,0
BRDA:131,9,4,0
BRF:22
BRH:1
end_of_record
TN:
SF:src/web/app/components/question-responses/single-response/single-response.component.ts
FNF:0
FNH:0
DA:1,24
DA:2,24
DA:16,24
DA:18,9
DA:22,9
DA:27,9
DA:28,9
DA:29,9
DA:30,9
DA:33,9
LF:10
LH:10
BRF:0
BRH:0
end_of_record
TN:
SF:src/web/app/components/question-responses/single-statistics/single-statistics.component.ts
FN:39,(anonymous_0)
FN:41,(anonymous_1)
FN:45,(anonymous_2)
FN:49,(anonymous_3)
FN:50,(anonymous_4)
FN:67,(anonymous_5)
FNF:6
FNH:3
FNDA:1,(anonymous_0)
FNDA:1,(anonymous_1)
FNDA:0,(anonymous_2)
FNDA:1,(anonymous_3)
FNDA:0,(anonymous_4)
FNDA:0,(anonymous_5)
DA:1,11
DA:2,11
DA:3,11
DA:9,11
DA:21,11
DA:23,1
DA:24,1
DA:28,1
DA:29,1
DA:30,1
DA:31,1
DA:32,1
DA:33,1
DA:36,1
DA:37,1
DA:39,1
DA:42,1
DA:46,0
DA:50,1
DA:51,0
DA:55,0
DA:58,0
DA:59,0
DA:62,0
DA:68,0
LF:25
LH:18
BRDA:51,0,0,0
BRDA:51,1,0,0
BRDA:51,1,1,0
BRDA:58,2,0,0
BRDA:58,3,0,0
BRDA:58,3,1,0
BRDA:68,4,0,0
BRDA:68,4,1,0
BRDA:68,4,2,0
BRDA:68,4,3,0
BRF:10
BRH:0
end_of_record
TN:
SF:src/web/app/components/question-responses/student-view-responses/student-view-responses.component.ts
FN:47,(anonymous_1)
FNF:1
FNH:1
FNDA:9,(anonymous_1)
DA:1,5
DA:2,5
DA:8,5
DA:18,5
DA:20,9
DA:22,9
DA:40,9
DA:41,9
DA:42,9
DA:43,9
DA:45,9
DA:48,9
LF:12
LH:12
BRDA:48,0,0,8
BRDA:48,0,1,1
BRF:2
BRH:2
end_of_record
TN:
SF:src/web/app/components/question-submission-form/question-submission-form-model.ts
FN:14,(anonymous_0)
FN:79,(anonymous_1)
FNF:2
FNH:2
FNDA:4,(anonymous_0)
FNDA:4,(anonymous_1)
DA:14,4
DA:18,4
DA:23,4
DA:79,4
DA:81,4
DA:83,4
DA:85,4
LF:7
LH:7
BRDA:14,0,0,4
BRDA:14,0,1,4
BRDA:79,1,0,4
BRDA:79,1,1,4
BRF:4
BRH:4
end_of_record
TN:
SF:src/web/app/components/question-submission-form/question-submission-form.component.ts
FN:124,(anonymous_0)
FN:55,(anonymous_1)
FN:131,(anonymous_2)
FN:144,(anonymous_3)
FN:150,(anonymous_4)
FN:159,(anonymous_5)
FN:161,(anonymous_6)
FN:167,(anonymous_7)
FN:172,(anonymous_8)
FN:190,(anonymous_9)
FN:208,(anonymous_10)
FN:210,(anonymous_11)
FN:214,(anonymous_12)
FN:224,(anonymous_13)
FN:229,(anonymous_14)
FN:231,(anonymous_15)
FN:247,(anonymous_16)
FN:254,(anonymous_17)
FN:257,(anonymous_18)
FN:264,(anonymous_19)
FN:266,(anonymous_20)
FN:273,(anonymous_21)
FN:293,(anonymous_22)
FN:300,(anonymous_23)
FN:313,(anonymous_24)
FN:320,(anonymous_25)
FN:338,(anonymous_26)
FN:346,(anonymous_27)
FN:350,(anonymous_28)
FN:360,(anonymous_29)
FN:366,(anonymous_30)
FN:378,(anonymous_31)
FN:398,(anonymous_32)
FN:412,(anonymous_33)
FNF:34
FNH:17
FNDA:24,(anonymous_0)
FNDA:23,(anonymous_1)
FNDA:48,(anonymous_2)
FNDA:26,(anonymous_3)
FNDA:20,(anonymous_4)
FNDA:0,(anonymous_5)
FNDA:0,(anonymous_6)
FNDA:9,(anonymous_7)
FNDA:0,(anonymous_8)
FNDA:0,(anonymous_9)
FNDA:20,(anonymous_10)
FNDA:22,(anonymous_11)
FNDA:10,(anonymous_12)
FNDA:20,(anonymous_13)
FNDA:0,(anonymous_14)
FNDA:0,(anonymous_15)
FNDA:18,(anonymous_16)
FNDA:36,(anonymous_17)
FNDA:28,(anonymous_18)
FNDA:0,(anonymous_19)
FNDA:0,(anonymous_20)
FNDA:0,(anonymous_21)
FNDA:0,(anonymous_22)
FNDA:0,(anonymous_23)
FNDA:0,(anonymous_24)
FNDA:0,(anonymous_25)
FNDA:12,(anonymous_26)
FNDA:6,(anonymous_27)
FNDA:6,(anonymous_28)
FNDA:0,(anonymous_29)
FNDA:23,(anonymous_30)
FNDA:0,(anonymous_31)
FNDA:0,(anonymous_32)
FNDA:0,(anonymous_33)
DA:1,4
DA:2,4
DA:3,4
DA:5,4
DA:13,4
DA:14,4
DA:30,4
DA:33,24
DA:34,24
DA:35,24
DA:36,24
DA:37,24
DA:39,24
DA:40,24
DA:41,24
DA:44,24
DA:47,24
DA:50,24
DA:53,24
DA:57,23
DA:58,23
DA:60,23
DA:65,23
DA:66,23
DA:68,23
DA:72,24
DA:75,24
DA:78,24
DA:81,24
DA:84,24
DA:86,24
DA:114,24
DA:115,24
DA:118,24
DA:121,24
DA:122,24
DA:124,24
DA:125,24
DA:126,24
DA:132,48
DA:133,0
DA:136,0
DA:138,0
DA:141,48
DA:145,26
DA:146,20
DA:149,26
DA:150,20
DA:151,20
DA:154,26
DA:155,0
DA:158,26
DA:159,0
DA:160,0
DA:161,0
DA:162,0
DA:169,9
DA:175,0
DA:176,0
DA:179,0
DA:180,0
DA:183,0
DA:184,0
DA:187,0
DA:193,0
DA:194,0
DA:197,0
DA:198,0
DA:201,0
DA:202,0
DA:205,0
DA:209,20
DA:210,20
DA:211,22
DA:214,20
DA:216,10
DA:217,10
DA:219,10
DA:221,20
DA:225,20
DA:226,20
DA:230,0
DA:231,0
DA:232,0
DA:236,0
DA:237,0
DA:239,0
DA:248,18
DA:256,36
DA:257,28
DA:258,36
DA:265,0
DA:267,0
DA:274,0
DA:275,0
DA:278,0
DA:279,0
DA:284,0
DA:294,0
DA:301,0
DA:314,0
DA:321,0
DA:322,0
DA:323,0
DA:325,0
DA:339,12
DA:347,6
DA:349,6
DA:350,6
DA:351,6
DA:361,0
DA:362,0
DA:363,0
DA:367,23
DA:370,17
DA:372,0
DA:374,6
DA:379,0
DA:380,0
DA:383,0
DA:384,0
DA:387,0
DA:388,0
DA:391,0
DA:392,0
DA:395,0
DA:399,0
DA:400,0
DA:401,0
DA:402,0
DA:404,0
DA:405,0
DA:413,0
LF:133
LH:71
BRDA:132,0,0,0
BRDA:133,1,0,0
BRDA:133,1,1,0
BRDA:133,1,2,0
BRDA:145,2,0,20
BRDA:145,3,0,26
BRDA:145,3,1,20
BRDA:149,4,0,20
BRDA:149,5,0,26
BRDA:149,5,1,20
BRDA:154,6,0,0
BRDA:158,7,0,0
BRDA:159,8,0,0
BRDA:159,8,1,0
BRDA:161,9,0,0
BRDA:175,10,0,0
BRDA:175,11,0,0
BRDA:175,11,1,0
BRDA:179,12,0,0
BRDA:183,13,0,0
BRDA:193,14,0,0
BRDA:193,15,0,0
BRDA:193,15,1,0
BRDA:197,16,0,0
BRDA:201,17,0,0
BRDA:216,18,0,10
BRDA:216,18,1,0
BRDA:217,19,0,10
BRDA:217,19,1,0
BRDA:230,20,0,0
BRDA:230,20,1,0
BRDA:232,21,0,0
BRDA:232,21,1,0
BRDA:236,22,0,0
BRDA:258,23,0,28
BRDA:258,23,1,8
BRDA:322,24,0,0
BRDA:322,25,0,0
BRDA:322,25,1,0
BRDA:347,26,0,0
BRDA:367,27,0,17
BRDA:367,27,1,17
BRDA:367,27,2,0
BRDA:367,27,3,6
BRDA:379,28,0,0
BRDA:383,29,0,0
BRDA:383,30,0,0
BRDA:383,30,1,0
BRDA:387,31,0,0
BRDA:391,32,0,0
BRDA:400,33,0,0
BRDA:400,33,1,0
BRF:52
BRH:13
end_of_record
TN:
SF:src/web/app/components/question-submission-form/recipient-type-name.pipe.ts
FN:15,(anonymous_0)
FNF:1
FNH:1
FNDA:18,(anonymous_0)
DA:1,5
DA:2,5
DA:10,5
DA:16,18
DA:21,2
DA:25,14
DA:27,2
DA:30,0
DA:31,0
DA:33,0
DA:34,0
DA:36,0
DA:37,0
DA:39,0
DA:41,0
LF:15
LH:7
BRDA:16,0,0,0
BRDA:16,0,1,0
BRDA:16,0,2,0
BRDA:16,0,3,2
BRDA:16,0,4,14
BRDA:16,0,5,14
BRDA:16,0,6,14
BRDA:16,0,7,2
BRDA:16,0,8,0
BRDA:16,0,9,0
BRDA:16,0,10,0
BRDA:30,1,0,0
BRDA:33,2,0,0
BRDA:36,3,0,0
BRF:14
BRH:5
end_of_record
TN:
SF:src/web/app/components/question-text-with-info/question-text-with-info.component.ts
FN:31,(anonymous_1)
FNF:1
FNH:1
FNDA:52,(anonymous_1)
DA:1,16
DA:2,16
DA:12,16
DA:14,9
DA:15,9
DA:19,9
DA:21,9
DA:24,9
DA:26,9
DA:32,52
LF:10
LH:10
BRF:0
BRH:0
end_of_record
TN:
SF:src/web/app/components/question-types/question-additional-info/constsum-options-question-additional-info.component.ts
FN:17,(anonymous_0)
FN:24,(anonymous_1)
FNF:2
FNH:2
FNDA:1,(anonymous_0)
FNDA:2,(anonymous_1)
DA:1,17
DA:3,17
DA:4,17
DA:14,17
DA:18,1
DA:25,2
LF:6
LH:6
BRDA:25,0,0,0
BRDA:25,0,1,2
BRF:2
BRH:1
end_of_record
TN:
SF:src/web/app/components/question-types/question-additional-info/constsum-recipients-question-additional-info.component.ts
FN:17,(anonymous_0)
FNF:1
FNH:1
FNDA:1,(anonymous_0)
DA:1,17
DA:3,17
DA:4,17
DA:14,17
DA:18,1
LF:5
LH:5
BRF:0
BRH:0
end_of_record
TN:
SF:src/web/app/components/question-types/question-additional-info/contribution-question-additional-info.component.ts
FN:17,(anonymous_0)
FNF:1
FNH:1
FNDA:1,(anonymous_0)
DA:1,17
DA:3,17
DA:4,17
DA:14,17
DA:18,1
LF:5
LH:5
BRF:0
BRH:0
end_of_record
TN:
SF:src/web/app/components/question-types/question-additional-info/mcq-question-additional-info.component.ts
FN:22,(anonymous_0)
FNF:1
FNH:1
FNDA:6,(anonymous_0)
DA:1,17
DA:2,17
DA:6,17
DA:7,17
DA:17,17
DA:20,6
DA:23,6
LF:7
LH:7
BRF:0
BRH:0
end_of_record
TN:
SF:src/web/app/components/question-types/question-additional-info/msq-question-additional-info.component.ts
FN:22,(anonymous_0)
FNF:1
FNH:1
FNDA:5,(anonymous_0)
DA:1,17
DA:2,17
DA:6,17
DA:7,17
DA:17,17
DA:20,5
DA:23,5
LF:7
LH:7
BRF:0
BRH:0
end_of_record
TN:
SF:src/web/app/components/question-types/question-additional-info/num-scale-question-additional-info.component.ts
FN:17,(anonymous_0)
FNF:1
FNH:1
FNDA:1,(anonymous_0)
DA:1,17
DA:3,17
DA:4,17
DA:14,17
DA:18,1
LF:5
LH:5
BRF:0
BRH:0
end_of_record
TN:
SF:src/web/app/components/question-types/question-additional-info/question-additional-info.ts
FN:14,(anonymous_0)
FNF:1
FNH:1
FNDA:21,(anonymous_0)
DA:1,26
DA:9,26
DA:15,21
LF:3
LH:3
BRF:0
BRH:0
end_of_record
TN:
SF:src/web/app/components/question-types/question-additional-info/rank-options-question-additional-info.component.ts
FN:17,(anonymous_0)
FNF:1
FNH:1
FNDA:3,(anonymous_0)
DA:1,17
DA:3,17
DA:4,17
DA:14,17
DA:18,3
LF:5
LH:5
BRF:0
BRH:0
end_of_record
TN:
SF:src/web/app/components/question-types/question-additional-info/rank-recipients-question-additional-info.component.ts
FN:17,(anonymous_0)
FNF:1
FNH:1
FNDA:1,(anonymous_0)
DA:1,17
DA:3,17
DA:4,17
DA:14,17
DA:18,1
LF:5
LH:5
BRF:0
BRH:0
end_of_record
TN:
SF:src/web/app/components/question-types/question-additional-info/rubric-question-additional-info.component.ts
FN:16,(anonymous_0)
FNF:1
FNH:1
FNDA:1,(anonymous_0)
DA:1,17
DA:3,17
DA:4,17
DA:14,17
DA:17,1
LF:5
LH:5
BRF:0
BRH:0
end_of_record
TN:
SF:src/web/app/components/question-types/question-additional-info/text-question-additional-info.component.ts
FN:16,(anonymous_0)
FNF:1
FNH:1
FNDA:1,(anonymous_0)
DA:1,17
DA:3,17
DA:4,17
DA:14,17
DA:17,1
LF:5
LH:5
BRF:0
BRH:0
end_of_record
TN:
SF:src/web/app/components/question-types/question-constraint/constsum-recipients-question-constraint.component.ts
FN:30,(anonymous_0)
FN:37,(anonymous_1)
FN:38,(anonymous_2)
FN:47,(anonymous_3)
FN:57,(anonymous_4)
FN:59,(anonymous_5)
FN:72,(anonymous_6)
FN:73,(anonymous_7)
FN:79,(anonymous_8)
FN:81,(anonymous_9)
FN:89,(anonymous_10)
FN:95,(anonymous_11)
FN:103,(anonymous_12)
FN:110,(anonymous_13)
FN:117,(anonymous_14)
FN:124,(anonymous_15)
FN:125,(anonymous_16)
FN:131,(anonymous_17)
FN:139,(anonymous_18)
FN:147,(anonymous_19)
FN:155,(anonymous_20)
FN:160,(anonymous_21)
FNF:22
FNH:18
FNDA:3,(anonymous_0)
FNDA:6,(anonymous_1)
FNDA:4,(anonymous_2)
FNDA:18,(anonymous_3)
FNDA:26,(anonymous_4)
FNDA:26,(anonymous_5)
FNDA:22,(anonymous_6)
FNDA:22,(anonymous_7)
FNDA:0,(anonymous_8)
FNDA:0,(anonymous_9)
FNDA:0,(anonymous_10)
FNDA:0,(anonymous_11)
FNDA:6,(anonymous_12)
FNDA:4,(anonymous_13)
FNDA:4,(anonymous_14)
FNDA:4,(anonymous_15)
FNDA:4,(anonymous_16)
FNDA:4,(anonymous_17)
FNDA:4,(anonymous_18)
FNDA:4,(anonymous_19)
FNDA:4,(anonymous_20)
FNDA:2,(anonymous_21)
DA:1,5
DA:2,5
DA:7,5
DA:13,5
DA:23,5
DA:27,3
DA:31,3
DA:38,6
DA:39,4
DA:40,4
DA:48,18
DA:49,16
DA:51,2
DA:58,26
DA:61,26
DA:62,26
DA:63,0
DA:65,26
DA:73,22
DA:80,0
DA:81,0
DA:83,0
DA:90,0
DA:91,0
DA:94,0
DA:95,0
DA:97,0
DA:104,6
DA:111,4
DA:118,4
DA:125,4
DA:132,4
DA:140,4
DA:148,4
DA:156,4
DA:161,2
LF:36
LH:27
BRDA:48,0,0,16
BRDA:62,1,0,0
BRDA:90,2,0,0
BRDA:125,3,0,4
BRDA:125,3,1,4
BRDA:132,4,0,4
BRDA:132,4,1,0
BRDA:140,5,0,4
BRDA:140,5,1,0
BRDA:148,6,0,4
BRDA:148,6,1,0
BRDA:156,7,0,4
BRDA:156,7,1,0
BRDA:161,8,0,2
BRDA:161,8,1,0
BRDA:161,8,2,0
BRDA:161,8,3,0
BRDA:161,8,4,0
BRF:18
BRH:8
end_of_record
TN:
SF:src/web/app/components/question-types/question-constraint/contribution-question-constraint.component.ts
FN:24,(anonymous_0)
FN:28,(anonymous_1)
FN:29,(anonymous_2)
FN:38,(anonymous_3)
FN:39,(anonymous_4)
FN:48,(anonymous_5)
FN:55,(anonymous_6)
FN:56,(anonymous_7)
FN:68,(anonymous_8)
FN:69,(anonymous_9)
FN:75,(anonymous_10)
FN:82,(anonymous_11)
FN:89,(anonymous_12)
FN:93,(anonymous_13)
FN:98,(anonymous_14)
FN:123,(anonymous_15)
FNF:16
FNH:12
FNDA:3,(anonymous_0)
FNDA:2,(anonymous_1)
FNDA:2,(anonymous_2)
FNDA:4,(anonymous_3)
FNDA:2,(anonymous_4)
FNDA:2,(anonymous_5)
FNDA:2,(anonymous_6)
FNDA:2,(anonymous_7)
FNDA:2,(anonymous_8)
FNDA:2,(anonymous_9)
FNDA:2,(anonymous_10)
FNDA:0,(anonymous_11)
FNDA:0,(anonymous_12)
FNDA:2,(anonymous_13)
FNDA:0,(anonymous_14)
FNDA:0,(anonymous_15)
DA:1,5
DA:6,5
DA:7,5
DA:11,5
DA:21,5
DA:25,3
DA:29,2
DA:30,2
DA:31,2
DA:39,4
DA:40,2
DA:41,2
DA:49,2
DA:56,2
DA:57,2
DA:58,2
DA:59,0
DA:61,2
DA:69,2
DA:76,2
DA:83,0
DA:90,0
DA:94,2
DA:99,0
DA:100,0
DA:103,0
DA:104,0
DA:107,0
DA:109,0
DA:110,0
DA:113,0
DA:114,0
DA:116,0
DA:119,0
DA:124,0
LF:35
LH:20
BRDA:58,0,0,0
BRDA:94,1,0,2
BRDA:94,1,1,2
BRDA:94,1,2,2
BRDA:94,1,3,2
BRDA:99,2,0,0
BRDA:103,3,0,0
BRDA:109,4,0,0
BRDA:109,5,0,0
BRDA:109,5,1,0
BRDA:113,6,0,0
BRF:11
BRH:4
end_of_record
TN:
SF:src/web/app/components/question-types/question-constraint/msq-question-constraint.component.ts
FN:19,(anonymous_0)
FN:23,(anonymous_1)
FNF:2
FNH:1
FNDA:3,(anonymous_0)
FNDA:0,(anonymous_1)
DA:1,5
DA:3,5
DA:4,5
DA:5,5
DA:15,5
DA:17,3
DA:20,3
DA:24,0
LF:8
LH:7
BRF:0
BRH:0
end_of_record
TN:
SF:src/web/app/components/question-types/question-constraint/num-scale-question-constraint.component.ts
FN:14,(anonymous_0)
FN:18,(anonymous_1)
FNF:2
FNH:1
FNDA:3,(anonymous_0)
FNDA:0,(anonymous_1)
DA:1,5
DA:2,5
DA:12,5
DA:15,3
DA:19,0
LF:5
LH:4
BRF:0
BRH:0
end_of_record
TN:
SF:src/web/app/components/question-types/question-constraint/question-constraint.component.ts
FN:33,(anonymous_0)
FN:14,(anonymous_1)
FN:18,(anonymous_2)
FNF:3
FNH:3
FNDA:22,(anonymous_0)
FNDA:82,(anonymous_1)
FNDA:6,(anonymous_2)
DA:1,10
DA:12,10
DA:16,82
DA:19,6
DA:20,6
DA:29,22
DA:31,22
DA:34,22
LF:8
LH:8
BRF:0
BRH:0
end_of_record
TN:
SF:src/web/app/components/question-types/question-constraint/rank-recipients-question-constraint.component.ts
FN:24,(anonymous_0)
FN:31,(anonymous_1)
FN:53,(anonymous_2)
FN:68,(anonymous_3)
FN:75,(anonymous_4)
FN:82,(anonymous_5)
FN:98,(anonymous_6)
FN:111,(anonymous_7)
FNF:8
FNH:8
FNDA:3,(anonymous_0)
FNDA:8,(anonymous_1)
FNDA:8,(anonymous_2)
FNDA:8,(anonymous_3)
FNDA:8,(anonymous_4)
FNDA:4,(anonymous_5)
FNDA:4,(anonymous_6)
FNDA:2,(anonymous_7)
DA:1,5
DA:6,5
DA:7,5
DA:11,5
DA:21,5
DA:25,3
DA:32,8
DA:34,8
DA:36,6
DA:37,6
DA:39,0
DA:42,6
DA:43,0
DA:45,6
DA:47,8
DA:54,8
DA:56,6
DA:57,6
DA:58,6
DA:62,2
DA:69,8
DA:76,8
DA:83,4
DA:84,4
DA:86,4
DA:87,4
DA:88,4
DA:92,4
DA:99,4
DA:100,4
DA:102,4
DA:103,4
DA:104,4
DA:108,4
DA:112,2
LF:35
LH:33
BRDA:37,0,0,0
BRDA:42,1,0,0
BRDA:57,2,0,6
BRDA:87,3,0,4
BRDA:92,4,0,4
BRDA:92,4,1,0
BRDA:103,5,0,4
BRDA:112,6,0,2
BRDA:112,6,1,2
BRDA:112,6,2,2
BRDA:112,6,3,0
BRDA:112,6,4,2
BRDA:112,6,5,0
BRDA:112,6,6,2
BRF:14
BRH:9
end_of_record
TN:
SF:src/web/app/components/question-types/question-constraint/text-question-constraint.component.ts
FN:14,(anonymous_0)
FN:18,(anonymous_1)
FNF:2
FNH:1
FNDA:7,(anonymous_0)
FNDA:0,(anonymous_1)
DA:1,5
DA:2,5
DA:12,5
DA:15,7
DA:19,0
LF:5
LH:4
BRF:0
BRH:0
end_of_record
TN:
SF:src/web/app/components/question-types/question-edit-answer-form/constsum-options-question-edit-answer-form.component.ts
FN:28,(anonymous_0)
FN:35,(anonymous_1)
FN:50,(anonymous_2)
FN:60,(anonymous_3)
FN:61,(anonymous_4)
FN:67,(anonymous_5)
FN:69,(anonymous_6)
FN:77,(anonymous_7)
FN:83,(anonymous_8)
FN:91,(anonymous_9)
FN:92,(anonymous_10)
FN:98,(anonymous_11)
FN:100,(anonymous_12)
FN:107,(anonymous_13)
FN:111,(anonymous_14)
FNF:15
FNH:1
FNDA:1,(anonymous_0)
FNDA:0,(anonymous_1)
FNDA:0,(anonymous_2)
FNDA:0,(anonymous_3)
FNDA:0,(anonymous_4)
FNDA:0,(anonymous_5)
FNDA:0,(anonymous_6)
FNDA:0,(anonymous_7)
FNDA:0,(anonymous_8)
FNDA:0,(anonymous_9)
FNDA:0,(anonymous_10)
FNDA:0,(anonymous_11)
FNDA:0,(anonymous_12)
FNDA:0,(anonymous_13)
FNDA:0,(anonymous_14)
DA:1,5
DA:2,5
DA:7,5
DA:11,5
DA:21,5
DA:25,1
DA:29,1
DA:36,0
DA:38,0
DA:40,0
DA:43,0
DA:44,0
DA:51,0
DA:52,0
DA:54,0
DA:61,0
DA:68,0
DA:69,0
DA:71,0
DA:78,0
DA:79,0
DA:82,0
DA:83,0
DA:85,0
DA:92,0
DA:99,0
DA:100,0
DA:101,0
DA:108,0
DA:111,0
DA:112,0
LF:31
LH:7
BRDA:38,0,0,0
BRDA:43,1,0,0
BRDA:43,1,1,0
BRDA:51,2,0,0
BRDA:78,3,0,0
BRDA:92,4,0,0
BRDA:92,4,1,0
BRDA:99,5,0,0
BRDA:99,5,1,0
BRDA:101,6,0,0
BRDA:101,6,1,0
BRDA:108,7,0,0
BRDA:108,7,1,0
BRDA:112,8,0,0
BRDA:112,8,1,0
BRF:15
BRH:0
end_of_record
TN:
SF:src/web/app/components/question-types/question-edit-answer-form/constsum-recipients-question-edit-answer-form.component.ts
FN:22,(anonymous_0)
FN:29,(anonymous_1)
FNF:2
FNH:1
FNDA:3,(anonymous_0)
FNDA:0,(anonymous_1)
DA:1,5
DA:3,5
DA:7,5
DA:17,5
DA:20,3
DA:23,3
DA:31,0
DA:33,0
DA:35,0
DA:37,0
DA:38,0
DA:40,0
DA:43,0
LF:13
LH:6
BRDA:33,0,0,0
BRDA:37,1,0,0
BRDA:37,1,1,0
BRF:3
BRH:0
end_of_record
TN:
SF:src/web/app/components/question-types/question-edit-answer-form/contribution-point-description.pipe.ts
FN:14,(anonymous_0)
FNF:1
FNH:1
FNDA:123,(anonymous_0)
DA:1,6
DA:9,6
DA:15,123
DA:16,60
DA:19,63
DA:20,3
DA:23,60
DA:24,57
DA:27,3
DA:28,3
DA:31,0
LF:11
LH:10
BRDA:15,0,0,60
BRDA:19,1,0,3
BRDA:23,2,0,57
BRDA:27,3,0,3
BRF:4
BRH:4
end_of_record
TN:
SF:src/web/app/components/question-types/question-edit-answer-form/contribution-question-edit-answer-form.component.ts
FN:36,(anonymous_0)
FN:40,(anonymous_1)
FN:57,(anonymous_2)
FNF:3
FNH:2
FNDA:3,(anonymous_0)
FNDA:6,(anonymous_1)
FNDA:0,(anonymous_2)
DA:1,5
DA:2,5
DA:7,5
DA:11,5
DA:15,5
DA:16,5
DA:26,5
DA:31,3
DA:33,3
DA:34,3
DA:36,3
DA:37,3
DA:41,6
DA:43,6
DA:45,6
DA:47,246
DA:48,6
DA:51,240
DA:54,6
DA:58,0
DA:59,0
LF:21
LH:19
BRDA:47,0,0,6
BRF:1
BRH:1
end_of_record
TN:
SF:src/web/app/components/question-types/question-edit-answer-form/mcq-question-edit-answer-form.component.ts
FN:39,(anonymous_0)
FN:43,(anonymous_1)
FN:47,(anonymous_2)
FN:52,(anonymous_3)
FN:64,(anonymous_4)
FN:70,(anonymous_5)
FN:83,(anonymous_6)
FN:101,(anonymous_7)
FNF:8
FNH:5
FNDA:9,(anonymous_0)
FNDA:9,(anonymous_1)
FNDA:10,(anonymous_2)
FNDA:2,(anonymous_3)
FNDA:0,(anonymous_4)
FNDA:0,(anonymous_5)
FNDA:0,(anonymous_6)
FNDA:2,(anonymous_7)
DA:1,5
DA:7,5
DA:8,5
DA:18,5
DA:28,9
DA:32,9
DA:34,9
DA:37,9
DA:40,9
DA:44,9
DA:48,10
DA:53,2
DA:54,2
DA:56,2
DA:57,2
DA:65,0
DA:66,0
DA:67,0
DA:68,0
DA:69,0
DA:70,0
DA:71,0
DA:74,0
DA:77,0
DA:85,0
DA:87,0
DA:89,0
DA:91,0
DA:102,2
LF:29
LH:16
BRDA:54,0,0,2
BRDA:54,1,0,2
BRDA:54,1,1,2
BRDA:68,2,0,0
BRDA:68,2,1,0
BRDA:85,3,0,0
BRDA:85,3,1,0
BRF:7
BRH:3
end_of_record
TN:
SF:src/web/app/components/question-types/question-edit-answer-form/msq-question-edit-answer-form.component.ts
FN:27,(anonymous_0)
FN:32,(anonymous_1)
FN:48,(anonymous_2)
FN:66,(anonymous_3)
FN:76,(anonymous_4)
FN:90,(anonymous_5)
FN:102,(anonymous_6)
FN:110,(anonymous_7)
FNF:8
FNH:3
FNDA:3,(anonymous_0)
FNDA:2,(anonymous_1)
FNDA:0,(anonymous_2)
FNDA:0,(anonymous_3)
FNDA:0,(anonymous_4)
FNDA:0,(anonymous_5)
FNDA:4,(anonymous_6)
FNDA:0,(anonymous_7)
DA:1,5
DA:6,5
DA:7,5
DA:8,5
DA:18,5
DA:22,3
DA:23,3
DA:28,3
DA:33,2
DA:34,2
DA:35,2
DA:37,6
DA:38,6
DA:39,0
DA:49,0
DA:50,0
DA:51,0
DA:53,0
DA:54,0
DA:55,0
DA:57,0
DA:60,0
DA:67,0
DA:68,0
DA:69,0
DA:70,0
DA:71,0
DA:73,0
DA:75,0
DA:76,0
DA:77,0
DA:81,0
DA:82,0
DA:84,0
DA:91,0
DA:93,0
DA:94,0
DA:95,0
DA:96,0
DA:103,4
DA:111,0
LF:41
LH:14
BRDA:34,0,0,2
BRDA:38,1,0,0
BRDA:50,2,0,0
BRDA:54,3,0,0
BRDA:54,3,1,0
BRDA:70,4,0,0
BRDA:73,5,0,0
BRDA:73,5,1,0
BRDA:103,6,0,4
BRDA:103,6,1,4
BRDA:103,6,2,0
BRDA:112,7,0,0
BRDA:112,7,1,0
BRF:13
BRH:3
end_of_record
TN:
SF:src/web/app/components/question-types/question-edit-answer-form/num-scale-question-edit-answer-form.component.ts
FN:28,(anonymous_0)
FN:32,(anonymous_1)
FN:41,(anonymous_2)
FN:67,(anonymous_3)
FNF:4
FNH:4
FNDA:3,(anonymous_0)
FNDA:12,(anonymous_1)
FNDA:6,(anonymous_2)
FNDA:6,(anonymous_3)
DA:1,5
DA:7,5
DA:11,5
DA:12,5
DA:22,5
DA:26,3
DA:29,3
DA:33,12
DA:34,12
DA:35,12
DA:36,12
DA:38,12
DA:43,6
DA:45,6
DA:46,6
DA:54,0
DA:55,0
DA:57,0
DA:58,0
DA:59,0
DA:61,0
DA:68,6
DA:69,6
DA:70,6
DA:72,6
DA:73,0
DA:76,6
DA:77,0
DA:80,6
DA:81,2
DA:84,4
LF:31
LH:23
BRDA:43,0,0,6
BRDA:72,1,0,0
BRDA:76,2,0,0
BRDA:80,3,0,2
BRDA:80,4,0,6
BRDA:80,4,1,4
BRF:6
BRH:4
end_of_record
TN:
SF:src/web/app/components/question-types/question-edit-answer-form/question-edit-answer-form.ts
FN:24,(anonymous_0)
FN:32,(anonymous_1)
FN:39,(anonymous_2)
FNF:3
FNH:2
FNDA:34,(anonymous_0)
FNDA:0,(anonymous_1)
FNDA:2,(anonymous_2)
DA:1,14
DA:9,14
DA:13,34
DA:22,34
DA:25,34
DA:26,34
DA:33,0
DA:40,2
LF:8
LH:7
BRF:0
BRH:0
end_of_record
TN:
SF:src/web/app/components/question-types/question-edit-answer-form/rank-options-question-edit-answer-form.component.ts
FN:23,(anonymous_0)
FN:30,(anonymous_1)
FN:41,(anonymous_2)
FN:43,(anonymous_3)
FN:50,(anonymous_4)
FN:64,(anonymous_5)
FN:77,(anonymous_6)
FN:84,(anonymous_7)
FN:91,(anonymous_8)
FN:93,(anonymous_9)
FN:100,(anonymous_10)
FN:102,(anonymous_11)
FNF:12
FNH:11
FNDA:3,(anonymous_0)
FNDA:8,(anonymous_1)
FNDA:6,(anonymous_2)
FNDA:4,(anonymous_3)
FNDA:0,(anonymous_4)
FNDA:6,(anonymous_5)
FNDA:6,(anonymous_6)
FNDA:6,(anonymous_7)
FNDA:4,(anonymous_8)
FNDA:8,(anonymous_9)
FNDA:4,(anonymous_10)
FNDA:8,(anonymous_11)
DA:1,5
DA:3,5
DA:7,5
DA:8,5
DA:18,5
DA:21,3
DA:24,3
DA:31,8
DA:32,8
DA:33,16
DA:35,8
DA:42,6
DA:43,4
DA:44,6
DA:51,0
DA:52,0
DA:54,0
DA:57,0
DA:58,0
DA:65,6
DA:66,6
DA:67,8
DA:68,8
DA:71,6
DA:78,6
DA:85,6
DA:92,4
DA:93,8
DA:94,4
DA:101,4
DA:102,8
DA:103,4
LF:32
LH:27
BRDA:52,0,0,0
BRDA:67,1,0,8
BRDA:71,2,0,6
BRDA:71,2,1,0
BRDA:94,3,0,4
BRDA:94,3,1,0
BRF:6
BRH:3
end_of_record
TN:
SF:src/web/app/components/question-types/question-edit-answer-form/rank-recipients-question-edit-answer-form.component.ts
FN:29,(anonymous_0)
FN:36,(anonymous_1)
FNF:2
FNH:2
FNDA:3,(anonymous_0)
FNDA:6,(anonymous_1)
DA:1,5
DA:6,5
DA:9,5
DA:10,5
DA:20,5
DA:24,3
DA:27,3
DA:30,3
DA:37,6
DA:38,6
DA:39,4
DA:41,6
LF:12
LH:12
BRF:0
BRH:0
end_of_record
TN:
SF:src/web/app/components/question-types/question-edit-answer-form/rubric-question-edit-answer-form.component.ts
FN:33,(anonymous_0)
FN:40,(anonymous_1)
FNF:2
FNH:1
FNDA:3,(anonymous_0)
FNDA:0,(anonymous_1)
DA:1,5
DA:5,5
DA:8,5
DA:9,5
DA:19,5
DA:28,3
DA:31,3
DA:34,3
DA:41,0
DA:42,0
DA:45,0
DA:46,0
DA:48,0
DA:51,0
DA:53,0
DA:55,0
DA:58,0
LF:17
LH:8
BRDA:41,0,0,0
BRDA:46,1,0,0
BRDA:51,2,0,0
BRDA:51,2,1,0
BRF:4
BRH:0
end_of_record
TN:
SF:src/web/app/components/question-types/question-edit-answer-form/text-question-edit-answer-form.component.ts
FN:25,(anonymous_0)
FN:29,(anonymous_1)
FN:31,(anonymous_2)
FN:34,(anonymous_3)
FNF:4
FNH:1
FNDA:3,(anonymous_0)
FNDA:0,(anonymous_1)
FNDA:0,(anonymous_2)
FNDA:0,(anonymous_3)
DA:1,5
DA:7,5
DA:11,5
DA:21,5
DA:26,3
DA:30,0
DA:31,0
DA:35,0
DA:36,0
DA:39,0
DA:40,0
DA:42,0
LF:12
LH:5
BRDA:35,0,0,0
BRDA:42,1,0,0
BRDA:42,1,1,0
BRF:3
BRH:0
end_of_record
TN:
SF:src/web/app/components/question-types/question-edit-details-form/constsum-options-question-edit-details-form.component.ts
FN:26,(anonymous_0)
FN:30,(anonymous_1)
FN:34,(anonymous_2)
FN:41,(anonymous_3)
FN:53,(anonymous_4)
FN:67,(anonymous_5)
FN:74,(anonymous_6)
FN:91,(anonymous_7)
FN:101,(anonymous_8)
FN:112,(anonymous_9)
FN:123,(anonymous_10)
FNF:11
FNH:4
FNDA:1,(anonymous_0)
FNDA:6,(anonymous_1)
FNDA:6,(anonymous_2)
FNDA:0,(anonymous_3)
FNDA:0,(anonymous_4)
FNDA:2,(anonymous_5)
FNDA:0,(anonymous_6)
FNDA:0,(anonymous_7)
FNDA:0,(anonymous_8)
FNDA:0,(anonymous_9)
FNDA:0,(anonymous_10)
DA:1,6
DA:2,6
DA:3,6
DA:4,6
DA:8,6
DA:9,6
DA:19,6
DA:23,1
DA:26,1
DA:27,1
DA:31,6
DA:35,6
DA:42,0
DA:43,0
DA:45,0
DA:54,0
DA:55,0
DA:58,0
DA:59,0
DA:61,0
DA:68,2
DA:75,0
DA:76,0
DA:77,0
DA:80,0
DA:81,0
DA:83,0
DA:92,0
DA:93,0
DA:95,0
DA:102,0
DA:113,0
DA:114,0
DA:116,0
DA:124,0
DA:125,0
DA:127,0
LF:37
LH:13
BRDA:54,0,0,0
BRDA:75,1,0,0
BRDA:104,2,0,0
BRDA:104,2,1,0
BRDA:113,3,0,0
BRDA:113,3,1,0
BRDA:124,4,0,0
BRDA:124,4,1,0
BRF:8
BRH:0
end_of_record
TN:
SF:src/web/app/components/question-types/question-edit-details-form/constsum-recipients-question-edit-details-form.component.ts
FN:26,(anonymous_0)
FN:33,(anonymous_1)
FNF:2
FNH:1
FNDA:1,(anonymous_0)
FNDA:0,(anonymous_1)
DA:1,6
DA:2,6
DA:6,6
DA:9,6
DA:19,6
DA:23,1
DA:27,1
DA:34,0
LF:8
LH:7
BRDA:36,0,0,0
BRDA:36,0,1,0
BRF:2
BRH:0
end_of_record
TN:
SF:src/web/app/components/question-types/question-edit-details-form/contribution-question-edit-details-form.component.ts
FN:25,(anonymous_0)
FN:32,(anonymous_1)
FNF:2
FNH:1
FNDA:1,(anonymous_0)
FNDA:0,(anonymous_1)
DA:1,6
DA:3,6
DA:4,6
DA:7,6
DA:8,6
DA:18,6
DA:22,1
DA:23,1
DA:26,1
DA:33,0
DA:34,0
DA:39,0
LF:12
LH:9
BRDA:33,0,0,0
BRDA:33,0,1,0
BRF:2
BRH:0
end_of_record
TN:
SF:src/web/app/components/question-types/question-edit-details-form/mcq-question-edit-details-form.component.ts
FN:34,(anonymous_0)
FN:41,(anonymous_1)
FN:59,(anonymous_2)
FN:75,(anonymous_3)
FN:91,(anonymous_4)
FN:100,(anonymous_5)
FN:109,(anonymous_6)
FN:116,(anonymous_7)
FN:123,(anonymous_8)
FN:134,(anonymous_9)
FN:144,(anonymous_10)
FN:153,(anonymous_11)
FN:172,(anonymous_12)
FNF:13
FNH:3
FNDA:5,(anonymous_0)
FNDA:0,(anonymous_1)
FNDA:0,(anonymous_2)
FNDA:0,(anonymous_3)
FNDA:0,(anonymous_4)
FNDA:0,(anonymous_5)
FNDA:0,(anonymous_6)
FNDA:0,(anonymous_7)
FNDA:0,(anonymous_8)
FNDA:0,(anonymous_9)
FNDA:2,(anonymous_10)
FNDA:0,(anonymous_11)
FNDA:56,(anonymous_12)
DA:1,6
DA:2,6
DA:3,6
DA:4,6
DA:5,6
DA:15,6
DA:18,5
DA:29,5
DA:35,5
DA:42,0
DA:43,0
DA:46,0
DA:47,0
DA:48,0
DA:49,0
DA:50,0
DA:51,0
DA:52,0
DA:53,0
DA:60,0
DA:61,0
DA:62,0
DA:63,0
DA:64,0
DA:65,0
DA:66,0
DA:67,0
DA:69,0
DA:76,0
DA:77,0
DA:78,0
DA:79,0
DA:80,0
DA:81,0
DA:82,0
DA:83,0
DA:85,0
DA:92,0
DA:93,0
DA:94,0
DA:101,0
DA:102,0
DA:103,0
DA:110,0
DA:117,0
DA:124,0
DA:135,0
DA:145,2
DA:154,0
DA:155,0
DA:156,0
DA:165,0
DA:173,56
LF:53
LH:11
BRDA:42,0,0,0
BRDA:64,1,0,0
BRDA:80,2,0,0
BRDA:125,3,0,0
BRDA:125,3,1,0
BRDA:154,4,0,0
BRDA:154,4,1,0
BRF:7
BRH:0
end_of_record
TN:
SF:src/web/app/components/question-types/question-edit-details-form/msq-question-edit-details-form.component.ts
FN:40,(anonymous_0)
FN:47,(anonymous_1)
FN:65,(anonymous_2)
FN:74,(anonymous_3)
FN:90,(anonymous_4)
FN:113,(anonymous_5)
FN:120,(anonymous_6)
FN:127,(anonymous_7)
FN:136,(anonymous_8)
FN:154,(anonymous_9)
FN:175,(anonymous_10)
FN:191,(anonymous_11)
FN:199,(anonymous_12)
FN:206,(anonymous_13)
FN:213,(anonymous_14)
FN:220,(anonymous_15)
FN:227,(anonymous_16)
FN:234,(anonymous_17)
FN:244,(anonymous_18)
FN:254,(anonymous_19)
FNF:20
FNH:8
FNDA:1,(anonymous_0)
FNDA:0,(anonymous_1)
FNDA:0,(anonymous_2)
FNDA:0,(anonymous_3)
FNDA:0,(anonymous_4)
FNDA:2,(anonymous_5)
FNDA:2,(anonymous_6)
FNDA:0,(anonymous_7)
FNDA:0,(anonymous_8)
FNDA:0,(anonymous_9)
FNDA:0,(anonymous_10)
FNDA:0,(anonymous_11)
FNDA:0,(anonymous_12)
FNDA:0,(anonymous_13)
FNDA:12,(anonymous_14)
FNDA:8,(anonymous_15)
FNDA:8,(anonymous_16)
FNDA:2,(anonymous_17)
FNDA:4,(anonymous_18)
FNDA:0,(anonymous_19)
DA:1,6
DA:2,6
DA:3,6
DA:7,6
DA:8,6
DA:9,6
DA:19,6
DA:22,1
DA:33,1
DA:41,1
DA:48,0
DA:49,0
DA:52,0
DA:53,0
DA:54,0
DA:55,0
DA:56,0
DA:66,0
DA:67,0
DA:68,0
DA:75,0
DA:76,0
DA:77,0
DA:78,0
DA:79,0
DA:80,0
DA:81,0
DA:82,0
DA:84,0
DA:91,0
DA:92,0
DA:93,0
DA:94,0
DA:95,0
DA:96,0
DA:97,0
DA:98,0
DA:100,0
DA:101,0
DA:102,0
DA:104,0
DA:105,0
DA:107,0
DA:114,2
DA:121,2
DA:128,0
DA:129,0
DA:130,0
DA:137,0
DA:141,0
DA:142,0
DA:143,0
DA:145,0
DA:146,0
DA:148,0
DA:155,0
DA:156,0
DA:157,0
DA:167,0
DA:168,0
DA:176,0
DA:177,0
DA:178,0
DA:181,0
DA:182,0
DA:184,0
DA:192,0
DA:193,0
DA:200,0
DA:207,0
DA:214,12
DA:221,8
DA:228,8
DA:235,2
DA:236,0
DA:238,2
DA:245,4
DA:246,0
DA:248,4
DA:255,0
LF:80
LH:19
BRDA:48,0,0,0
BRDA:79,1,0,0
BRDA:95,2,0,0
BRDA:100,3,0,0
BRDA:100,3,1,0
BRDA:101,4,0,0
BRDA:101,5,0,0
BRDA:101,5,1,0
BRDA:104,6,0,0
BRDA:104,7,0,0
BRDA:104,7,1,0
BRDA:114,8,0,0
BRDA:114,8,1,2
BRDA:121,9,0,0
BRDA:121,9,1,2
BRDA:141,10,0,0
BRDA:141,10,1,0
BRDA:142,11,0,0
BRDA:142,12,0,0
BRDA:142,12,1,0
BRDA:145,13,0,0
BRDA:145,14,0,0
BRDA:145,14,1,0
BRDA:155,15,0,0
BRDA:155,15,1,0
BRDA:176,16,0,0
BRDA:181,17,0,0
BRDA:181,17,1,0
BRDA:192,18,0,0
BRDA:192,18,1,0
BRDA:235,19,0,0
BRDA:245,20,0,0
BRDA:248,21,0,0
BRDA:248,21,1,4
BRDA:256,22,0,0
BRDA:256,22,1,0
BRF:36
BRH:3
end_of_record
TN:
SF:src/web/app/components/question-types/question-edit-details-form/num-scale-question-edit-details-form.component.ts
FN:19,(anonymous_0)
FN:26,(anonymous_1)
FN:38,(anonymous_2)
FNF:3
FNH:3
FNDA:1,(anonymous_0)
FNDA:4,(anonymous_1)
FNDA:2,(anonymous_2)
DA:1,6
DA:3,6
DA:4,6
DA:14,6
DA:17,1
DA:20,1
DA:27,4
DA:28,4
DA:29,4
DA:30,4
DA:32,4
DA:40,2
DA:42,2
DA:43,2
DA:50,0
DA:51,0
DA:53,0
DA:54,0
DA:55,0
DA:57,0
LF:20
LH:14
BRDA:40,0,0,2
BRF:1
BRH:1
end_of_record
TN:
SF:src/web/app/components/question-types/question-edit-details-form/question-edit-details-form.component.ts
FN:24,(anonymous_0)
FN:16,(anonymous_1)
FN:31,(anonymous_2)
FN:38,(anonymous_3)
FNF:4
FNH:3
FNDA:25,(anonymous_0)
FNDA:11,(anonymous_1)
FNDA:0,(anonymous_2)
FNDA:2,(anonymous_3)
DA:1,15
DA:9,15
DA:14,25
DA:18,11
DA:22,25
DA:25,25
DA:32,0
DA:39,2
LF:8
LH:7
BRF:0
BRH:0
end_of_record
TN:
SF:src/web/app/components/question-types/question-edit-details-form/rank-options-question-edit-details-form.component.ts
FN:19,(anonymous_0)
FN:26,(anonymous_1)
FN:35,(anonymous_2)
FN:48,(anonymous_3)
FN:55,(anonymous_4)
FN:71,(anonymous_5)
FN:80,(anonymous_6)
FN:88,(anonymous_7)
FN:104,(anonymous_8)
FN:111,(anonymous_9)
FN:118,(anonymous_10)
FN:125,(anonymous_11)
FN:132,(anonymous_12)
FNF:13
FNH:6
FNDA:1,(anonymous_0)
FNDA:0,(anonymous_1)
FNDA:0,(anonymous_2)
FNDA:0,(anonymous_3)
FNDA:0,(anonymous_4)
FNDA:0,(anonymous_5)
FNDA:0,(anonymous_6)
FNDA:0,(anonymous_7)
FNDA:8,(anonymous_8)
FNDA:8,(anonymous_9)
FNDA:2,(anonymous_10)
FNDA:2,(anonymous_11)
FNDA:2,(anonymous_12)
DA:1,6
DA:2,6
DA:4,6
DA:5,6
DA:6,6
DA:16,6
DA:20,1
DA:27,0
DA:28,0
DA:29,0
DA:36,0
DA:37,0
DA:40,0
DA:41,0
DA:42,0
DA:49,0
DA:56,0
DA:57,0
DA:59,0
DA:72,0
DA:73,0
DA:74,0
DA:81,0
DA:82,0
DA:89,0
DA:90,0
DA:91,0
DA:94,0
DA:95,0
DA:97,0
DA:105,8
DA:112,8
DA:119,2
DA:126,2
DA:133,2
LF:35
LH:12
BRDA:36,0,0,0
BRDA:61,1,0,0
BRDA:61,1,1,0
BRDA:63,2,0,0
BRDA:63,2,1,0
BRDA:81,3,0,0
BRDA:81,3,1,0
BRDA:89,4,0,0
BRDA:94,5,0,0
BRDA:94,5,1,0
BRDA:119,6,0,0
BRDA:119,6,1,2
BRDA:126,7,0,0
BRDA:126,7,1,2
BRDA:133,8,0,0
BRDA:133,8,1,2
BRF:16
BRH:3
end_of_record
TN:
SF:src/web/app/components/question-types/question-edit-details-form/rank-recipients-question-edit-details-form.component.ts
FN:20,(anonymous_0)
FN:27,(anonymous_1)
FN:35,(anonymous_2)
FN:51,(anonymous_3)
FN:58,(anonymous_4)
FN:65,(anonymous_5)
FN:72,(anonymous_6)
FN:79,(anonymous_7)
FNF:8
FNH:6
FNDA:1,(anonymous_0)
FNDA:0,(anonymous_1)
FNDA:0,(anonymous_2)
FNDA:8,(anonymous_3)
FNDA:8,(anonymous_4)
FNDA:2,(anonymous_5)
FNDA:2,(anonymous_6)
FNDA:2,(anonymous_7)
DA:1,6
DA:5,6
DA:6,6
DA:7,6
DA:17,6
DA:21,1
DA:28,0
DA:29,0
DA:36,0
DA:37,0
DA:38,0
DA:41,0
DA:42,0
DA:44,0
DA:52,8
DA:59,8
DA:66,2
DA:73,2
DA:80,2
LF:19
LH:11
BRDA:28,0,0,0
BRDA:28,0,1,0
BRDA:36,1,0,0
BRDA:41,2,0,0
BRDA:41,2,1,0
BRDA:66,3,0,0
BRDA:66,3,1,2
BRDA:73,4,0,0
BRDA:73,4,1,2
BRDA:80,5,0,0
BRDA:80,5,1,2
BRF:11
BRH:3
end_of_record
TN:
SF:src/web/app/components/question-types/question-edit-details-form/rubric-question-edit-details-form.component.ts
FN:23,(anonymous_0)
FN:30,(anonymous_1)
FN:40,(anonymous_2)
FN:50,(anonymous_3)
FN:51,(anonymous_4)
FN:60,(anonymous_5)
FN:61,(anonymous_6)
FN:70,(anonymous_7)
FN:77,(anonymous_8)
FN:81,(anonymous_9)
FN:87,(anonymous_10)
FN:101,(anonymous_11)
FN:105,(anonymous_12)
FN:113,(anonymous_13)
FN:130,(anonymous_14)
FN:134,(anonymous_15)
FN:142,(anonymous_16)
FN:159,(anonymous_17)
FN:166,(anonymous_18)
FN:171,(anonymous_19)
FN:177,(anonymous_20)
FN:188,(anonymous_21)
FN:194,(anonymous_22)
FN:196,(anonymous_23)
FN:200,(anonymous_24)
FN:209,(anonymous_25)
FN:221,(anonymous_26)
FN:227,(anonymous_27)
FN:231,(anonymous_28)
FN:231,(anonymous_29)
FN:238,(anonymous_30)
FNF:31
FNH:1
FNDA:1,(anonymous_0)
FNDA:0,(anonymous_1)
FNDA:0,(anonymous_2)
FNDA:0,(anonymous_3)
FNDA:0,(anonymous_4)
FNDA:0,(anonymous_5)
FNDA:0,(anonymous_6)
FNDA:0,(anonymous_7)
FNDA:0,(anonymous_8)
FNDA:0,(anonymous_9)
FNDA:0,(anonymous_10)
FNDA:0,(anonymous_11)
FNDA:0,(anonymous_12)
FNDA:0,(anonymous_13)
FNDA:0,(anonymous_14)
FNDA:0,(anonymous_15)
FNDA:0,(anonymous_16)
FNDA:0,(anonymous_17)
FNDA:0,(anonymous_18)
FNDA:0,(anonymous_19)
FNDA:0,(anonymous_20)
FNDA:0,(anonymous_21)
FNDA:0,(anonymous_22)
FNDA:0,(anonymous_23)
FNDA:0,(anonymous_24)
FNDA:0,(anonymous_25)
FNDA:0,(anonymous_26)
FNDA:0,(anonymous_27)
FNDA:0,(anonymous_28)
FNDA:0,(anonymous_29)
FNDA:0,(anonymous_30)
DA:1,6
DA:2,6
DA:3,6
DA:5,6
DA:6,6
DA:7,6
DA:17,6
DA:20,1
DA:21,1
DA:23,1
DA:24,1
DA:31,0
DA:32,0
DA:34,0
DA:41,0
DA:42,0
DA:44,0
DA:51,0
DA:52,0
DA:54,0
DA:61,0
DA:62,0
DA:64,0
DA:71,0
DA:78,0
DA:79,0
DA:81,0
DA:82,0
DA:85,0
DA:86,0
DA:87,0
DA:88,0
DA:91,0
DA:102,0
DA:103,0
DA:105,0
DA:106,0
DA:107,0
DA:111,0
DA:112,0
DA:113,0
DA:115,0
DA:116,0
DA:120,0
DA:131,0
DA:132,0
DA:134,0
DA:135,0
DA:136,0
DA:140,0
DA:141,0
DA:142,0
DA:144,0
DA:145,0
DA:149,0
DA:160,0
DA:162,0
DA:165,0
DA:168,0
DA:169,0
DA:171,0
DA:172,0
DA:175,0
DA:176,0
DA:177,0
DA:179,0
DA:182,0
DA:195,0
DA:197,0
DA:198,0
DA:200,0
DA:201,0
DA:202,0
DA:203,0
DA:207,0
DA:208,0
DA:209,0
DA:210,0
DA:211,0
DA:212,0
DA:216,0
DA:228,0
DA:231,0
DA:239,0
DA:240,0
DA:242,0
DA:243,0
DA:246,0
DA:247,0
DA:248,0
DA:249,0
DA:252,0
LF:92
LH:11
BRDA:86,0,0,0
BRDA:112,1,0,0
BRDA:141,2,0,0
BRDA:160,3,0,0
BRDA:160,4,0,0
BRDA:160,4,1,0
BRDA:176,5,0,0
BRDA:208,6,0,0
BRDA:231,7,0,0
BRDA:231,7,1,0
BRDA:247,8,0,0
BRF:11
BRH:0
end_of_record
TN:
SF:src/web/app/components/question-types/question-edit-details-form/text-question-edit-details-form.component.ts
FN:17,(anonymous_0)
FNF:1
FNH:1
FNDA:12,(anonymous_0)
DA:1,6
DA:3,6
DA:4,6
DA:14,6
DA:18,12
LF:5
LH:5
BRF:0
BRH:0
end_of_record
TN:
SF:src/web/app/components/question-types/question-edit-details-form/constsum-options-field/constsum-options-field.component.ts
FN:28,(anonymous_1)
FN:35,(anonymous_2)
FNF:2
FNH:0
FNDA:0,(anonymous_1)
FNDA:0,(anonymous_2)
DA:1,7
DA:11,7
DA:14,3
DA:17,3
DA:20,3
DA:23,3
DA:29,0
DA:36,0
LF:8
LH:6
BRF:0
BRH:0
end_of_record
TN:
SF:src/web/app/components/question-types/question-edit-details-form/mcq-field/mcq-field.component.ts
FN:35,(anonymous_0)
FN:40,(anonymous_1)
FN:51,(anonymous_2)
FNF:3
FNH:1
FNDA:2,(anonymous_0)
FNDA:0,(anonymous_1)
FNDA:0,(anonymous_2)
DA:1,7
DA:2,7
DA:12,7
DA:15,2
DA:18,2
DA:21,2
DA:24,2
DA:27,2
DA:30,2
DA:33,2
DA:35,2
DA:41,0
DA:42,0
DA:44,0
DA:52,0
LF:15
LH:11
BRDA:41,0,0,0
BRDA:41,0,1,0
BRF:2
BRH:0
end_of_record
TN:
SF:src/web/app/components/question-types/question-edit-details-form/msq-field/msq-field.component.ts
FN:32,(anonymous_0)
FN:37,(anonymous_1)
FN:48,(anonymous_2)
FNF:3
FNH:1
FNDA:1,(anonymous_0)
FNDA:0,(anonymous_1)
FNDA:0,(anonymous_2)
DA:1,7
DA:2,7
DA:12,7
DA:15,1
DA:18,1
DA:21,1
DA:24,1
DA:27,1
DA:30,1
DA:32,1
DA:38,0
DA:39,0
DA:41,0
DA:49,0
LF:14
LH:10
BRDA:38,0,0,0
BRDA:38,0,1,0
BRF:2
BRH:0
end_of_record
TN:
SF:src/web/app/components/question-types/question-edit-details-form/rank-options-field/rank-options-field.component.ts
FN:32,(anonymous_0)
FN:37,(anonymous_1)
FN:44,(anonymous_2)
FNF:3
FNH:1
FNDA:1,(anonymous_0)
FNDA:0,(anonymous_1)
FNDA:0,(anonymous_2)
DA:1,7
DA:2,7
DA:12,7
DA:15,1
DA:18,1
DA:21,1
DA:24,1
DA:27,1
DA:30,1
DA:32,1
DA:38,0
DA:45,0
DA:46,0
DA:48,0
LF:14
LH:10
BRDA:45,0,0,0
BRDA:45,0,1,0
BRF:2
BRH:0
end_of_record
TN:
SF:src/web/app/components/question-types/question-edit-details-form/weight-field/weight-field.component.ts
FN:25,(anonymous_1)
FNF:1
FNH:0
FNDA:0,(anonymous_1)
DA:1,8
DA:11,8
DA:14,1
DA:17,1
DA:20,1
DA:26,0
LF:6
LH:5
BRF:0
BRH:0
end_of_record
TN:
SF:src/web/app/components/question-types/question-instruction/constsum-options-question-instruction.component.ts
FN:30,(anonymous_1)
FNF:1
FNH:1
FNDA:2,(anonymous_1)
DA:1,5
DA:2,5
DA:6,5
DA:18,5
DA:21,1
DA:24,1
DA:31,2
DA:32,0
DA:35,2
LF:9
LH:8
BRDA:31,0,0,0
BRF:1
BRH:0
end_of_record
TN:
SF:src/web/app/components/question-types/question-instruction/constsum-recipients-question-instruction.component.ts
FN:33,(anonymous_1)
FNF:1
FNH:1
FNDA:6,(anonymous_1)
DA:1,5
DA:2,5
DA:6,5
DA:18,5
DA:21,3
DA:24,3
DA:27,3
DA:34,6
DA:35,4
DA:38,2
LF:10
LH:10
BRDA:34,0,0,4
BRF:1
BRH:1
end_of_record
TN:
SF:src/web/app/components/question-types/question-instruction/contribution-question-instruction.component.ts
FNF:0
FNH:0
DA:1,5
DA:3,5
DA:13,5
DA:16,3
DA:19,3
LF:5
LH:5
BRF:0
BRH:0
end_of_record
TN:
SF:src/web/app/components/question-types/question-instruction/num-scale-question-instruction.component.ts
FNF:0
FNH:0
DA:1,5
DA:11,5
LF:2
LH:2
BRF:0
BRH:0
end_of_record
TN:
SF:src/web/app/components/question-types/question-instruction/rank-options-question-instruction.component.ts
FNF:0
FNH:0
DA:1,5
DA:3,5
DA:4,5
DA:14,5
DA:17,3
DA:19,3
LF:6
LH:6
BRF:0
BRH:0
end_of_record
TN:
SF:src/web/app/components/question-types/question-instruction/rank-recipients-question-instruction.component.ts
FNF:0
FNH:0
DA:1,5
DA:3,5
DA:6,5
DA:16,5
DA:19,3
DA:21,3
LF:6
LH:6
BRF:0
BRH:0
end_of_record
TN:
SF:src/web/app/components/question-types/question-instruction/text-question-instruction.component.ts
FNF:0
FNH:0
DA:1,5
DA:11,5
LF:2
LH:2
BRF:0
BRH:0
end_of_record
TN:
SF:src/web/app/components/question-types/question-response/constsum-question-response.component.ts
FN:23,(anonymous_0)
FN:27,(anonymous_1)
FNF:2
FNH:2
FNDA:1,(anonymous_0)
FNDA:1,(anonymous_1)
DA:1,25
DA:3,25
DA:7,25
DA:17,25
DA:21,1
DA:24,1
DA:28,1
DA:29,2
LF:8
LH:8
BRF:0
BRH:0
end_of_record
TN:
SF:src/web/app/components/question-types/question-response/contribution-question-response.component.ts
FN:42,(anonymous_0)
FN:46,(anonymous_1)
FNF:2
FNH:2
FNDA:1,(anonymous_0)
FNDA:1,(anonymous_1)
DA:1,25
DA:7,25
DA:11,25
DA:17,25
DA:27,25
DA:31,1
DA:32,1
DA:33,1
DA:35,1
DA:37,1
DA:38,1
DA:39,1
DA:40,1
DA:43,1
DA:47,1
DA:48,1
DA:49,0
DA:50,0
DA:51,0
DA:53,0
LF:20
LH:16
BRDA:48,0,0,0
BRDA:50,1,0,0
BRDA:50,1,1,0
BRF:3
BRH:0
end_of_record
TN:
SF:src/web/app/components/question-types/question-response/mcq-question-response.component.ts
FN:23,(anonymous_0)
FNF:1
FNH:1
FNDA:1,(anonymous_0)
DA:1,25
DA:6,25
DA:10,25
DA:20,25
DA:24,1
LF:5
LH:5
BRF:0
BRH:0
end_of_record
TN:
SF:src/web/app/components/question-types/question-response/msq-question-response.component.ts
FN:24,(anonymous_0)
FN:31,(anonymous_1)
FNF:2
FNH:2
FNDA:1,(anonymous_0)
FNDA:2,(anonymous_1)
DA:1,25
DA:6,25
DA:10,25
DA:11,25
DA:21,25
DA:25,1
DA:32,2
LF:7
LH:7
BRDA:32,0,0,2
BRDA:32,0,1,0
BRF:2
BRH:1
end_of_record
TN:
SF:src/web/app/components/question-types/question-response/num-scale-question-response.component.ts
FN:23,(anonymous_0)
FNF:1
FNH:1
FNDA:1,(anonymous_0)
DA:1,25
DA:6,25
DA:10,25
DA:20,25
DA:24,1
LF:5
LH:5
BRF:0
BRH:0
end_of_record
TN:
SF:src/web/app/components/question-types/question-response/question-response.ts
FN:15,(anonymous_0)
FNF:1
FNH:1
FNDA:10,(anonymous_0)
DA:1,33
DA:9,33
DA:13,10
DA:16,10
DA:17,10
LF:5
LH:5
BRF:0
BRH:0
end_of_record
TN:
SF:src/web/app/components/question-types/question-response/rank-options-question-response.component.ts
FN:29,(anonymous_0)
FN:33,(anonymous_1)
FN:46,(anonymous_2)
FNF:3
FNH:2
FNDA:1,(anonymous_0)
FNDA:1,(anonymous_1)
FNDA:0,(anonymous_2)
DA:1,25
DA:6,25
DA:10,25
DA:13,25
DA:23,25
DA:27,1
DA:30,1
DA:34,1
DA:35,1
DA:36,0
DA:37,0
DA:38,0
DA:40,0
DA:41,0
DA:46,1
DA:47,1
DA:48,0
DA:49,0
LF:18
LH:11
BRDA:37,0,0,0
BRDA:40,1,0,0
BRDA:40,1,1,0
BRF:3
BRH:0
end_of_record
TN:
SF:src/web/app/components/question-types/question-response/rank-recipients-question-response.component.ts
FN:23,(anonymous_0)
FNF:1
FNH:1
FNDA:1,(anonymous_0)
DA:1,25
DA:6,25
DA:10,25
DA:20,25
DA:24,1
LF:5
LH:5
BRF:0
BRH:0
end_of_record
TN:
SF:src/web/app/components/question-types/question-response/rubric-question-response.component.ts
FN:26,(anonymous_0)
FN:30,(anonymous_1)
FNF:2
FNH:2
FNDA:1,(anonymous_0)
FNDA:1,(anonymous_1)
DA:1,25
DA:6,25
DA:10,25
DA:20,25
DA:24,1
DA:27,1
DA:31,1
DA:32,0
DA:33,0
LF:9
LH:7
BRDA:32,0,0,0
BRDA:32,0,1,0
BRF:2
BRH:0
end_of_record
TN:
SF:src/web/app/components/question-types/question-response/text-question-response.component.ts
FN:23,(anonymous_0)
FNF:1
FNH:1
FNDA:2,(anonymous_0)
DA:1,25
DA:6,25
DA:10,25
DA:20,25
DA:24,2
LF:5
LH:5
BRF:0
BRH:0
end_of_record
TN:
SF:src/web/app/components/question-types/question-statistics/constsum-options-question-statistics.component.ts
FN:27,(anonymous_0)
FN:31,(anonymous_1)
FN:36,(anonymous_2)
FN:41,(anonymous_3)
FN:49,(anonymous_4)
FNF:5
FNH:3
FNDA:2,(anonymous_0)
FNDA:2,(anonymous_1)
FNDA:0,(anonymous_2)
FNDA:2,(anonymous_3)
FNDA:0,(anonymous_4)
DA:1,12
DA:2,12
DA:3,12
DA:5,12
DA:17,12
DA:22,2
DA:24,2
DA:25,2
DA:28,2
DA:32,2
DA:33,2
DA:37,0
DA:38,0
DA:42,2
DA:49,2
LF:15
LH:13
BRF:0
BRH:0
end_of_record
TN:
SF:src/web/app/components/question-types/question-statistics/constsum-recipients-question-statistics.component.ts
FN:26,(anonymous_0)
FN:30,(anonymous_1)
FN:35,(anonymous_2)
FN:40,(anonymous_3)
FN:50,(anonymous_4)
FNF:5
FNH:3
FNDA:2,(anonymous_0)
FNDA:2,(anonymous_1)
FNDA:0,(anonymous_2)
FNDA:2,(anonymous_3)
FNDA:0,(anonymous_4)
DA:1,12
DA:2,12
DA:3,12
DA:5,12
DA:17,12
DA:21,2
DA:23,2
DA:24,2
DA:27,2
DA:31,2
DA:32,2
DA:36,0
DA:37,0
DA:41,2
DA:50,2
LF:15
LH:13
BRF:0
BRH:0
end_of_record
TN:
SF:src/web/app/components/question-types/question-statistics/mcq-question-statistics.component.ts
FN:27,(anonymous_0)
FN:31,(anonymous_1)
FN:36,(anonymous_2)
FN:41,(anonymous_3)
FN:50,(anonymous_4)
FN:63,(anonymous_5)
FN:73,(anonymous_6)
FN:77,(anonymous_7)
FNF:8
FNH:3
FNDA:5,(anonymous_0)
FNDA:5,(anonymous_1)
FNDA:0,(anonymous_2)
FNDA:5,(anonymous_3)
FNDA:0,(anonymous_4)
FNDA:0,(anonymous_5)
FNDA:0,(anonymous_6)
FNDA:0,(anonymous_7)
DA:1,12
DA:2,12
DA:3,12
DA:5,12
DA:17,12
DA:20,5
DA:22,5
DA:23,5
DA:24,5
DA:25,5
DA:28,5
DA:32,5
DA:33,5
DA:37,0
DA:38,0
DA:42,5
DA:50,5
DA:51,0
DA:60,5
DA:64,0
DA:73,5
DA:74,0
DA:78,0
LF:23
LH:17
BRDA:53,0,0,0
BRDA:53,0,1,0
BRDA:53,1,0,0
BRDA:53,1,1,0
BRDA:56,2,0,0
BRDA:56,2,1,0
BRDA:56,3,0,0
BRDA:56,3,1,0
BRF:8
BRH:0
end_of_record
TN:
SF:src/web/app/components/question-types/question-statistics/msq-question-statistics.component.ts
FN:27,(anonymous_0)
FN:31,(anonymous_1)
FN:36,(anonymous_2)
FN:41,(anonymous_3)
FN:50,(anonymous_4)
FN:63,(anonymous_5)
FN:73,(anonymous_6)
FN:77,(anonymous_7)
FNF:8
FNH:3
FNDA:5,(anonymous_0)
FNDA:5,(anonymous_1)
FNDA:0,(anonymous_2)
FNDA:5,(anonymous_3)
FNDA:0,(anonymous_4)
FNDA:0,(anonymous_5)
FNDA:0,(anonymous_6)
FNDA:0,(anonymous_7)
DA:1,12
DA:2,12
DA:3,12
DA:5,12
DA:17,12
DA:20,5
DA:22,5
DA:23,5
DA:24,5
DA:25,5
DA:28,5
DA:32,5
DA:33,5
DA:37,0
DA:38,0
DA:42,5
DA:50,5
DA:51,0
DA:60,5
DA:64,0
DA:73,5
DA:74,0
DA:78,0
LF:23
LH:17
BRDA:53,0,0,0
BRDA:53,0,1,0
BRDA:53,1,0,0
BRDA:53,1,1,0
BRDA:56,2,0,0
BRDA:56,2,1,0
BRDA:56,3,0,0
BRDA:56,3,1,0
BRF:8
BRH:0
end_of_record
TN:
SF:src/web/app/components/question-types/question-statistics/num-scale-question-statistics.component.ts
FN:23,(anonymous_0)
FN:27,(anonymous_1)
FN:32,(anonymous_2)
FN:37,(anonymous_3)
FNF:4
FNH:3
FNDA:4,(anonymous_0)
FNDA:4,(anonymous_1)
FNDA:0,(anonymous_2)
FNDA:4,(anonymous_3)
DA:1,12
DA:2,12
DA:3,12
DA:5,12
DA:17,12
DA:20,4
DA:21,4
DA:24,4
DA:28,4
DA:29,4
DA:33,0
DA:34,0
DA:38,4
DA:51,4
DA:52,4
DA:53,0
DA:54,0
DA:55,0
LF:18
LH:13
BRF:0
BRH:0
end_of_record
TN:
SF:src/web/app/components/question-types/question-statistics/question-statistics.ts
FN:40,(anonymous_0)
FN:44,(anonymous_1)
FNF:2
FNH:1
FNDA:52,(anonymous_0)
FNDA:0,(anonymous_1)
DA:1,41
DA:2,41
DA:33,41
DA:35,52
DA:37,52
DA:38,52
DA:41,52
DA:44,41
DA:46,0
DA:47,0
DA:49,0
DA:50,0
DA:54,0
DA:55,0
DA:56,0
DA:57,0
DA:58,0
DA:59,0
DA:60,0
DA:61,0
DA:64,0
DA:67,0
LF:22
LH:8
BRDA:46,0,0,0
BRDA:49,1,0,0
BRDA:60,2,0,0
BRDA:60,3,0,0
BRDA:60,3,1,0
BRF:5
BRH:0
end_of_record
TN:
SF:src/web/app/components/question-types/question-statistics/rank-options-question-statistics.component.ts
FN:26,(anonymous_0)
FN:30,(anonymous_1)
FN:35,(anonymous_2)
FN:40,(anonymous_3)
FN:47,(anonymous_4)
FNF:5
FNH:3
FNDA:3,(anonymous_0)
FNDA:3,(anonymous_1)
FNDA:0,(anonymous_2)
FNDA:3,(anonymous_3)
FNDA:0,(anonymous_4)
DA:1,12
DA:2,12
DA:3,12
DA:5,12
DA:17,12
DA:21,3
DA:23,3
DA:24,3
DA:27,3
DA:31,3
DA:32,3
DA:36,0
DA:37,0
DA:41,3
DA:47,3
DA:48,0
LF:16
LH:13
BRDA:51,0,0,0
BRDA:51,0,1,0
BRF:2
BRH:0
end_of_record
TN:
SF:src/web/app/components/question-types/question-statistics/rank-recipients-question-statistics.component.ts
FN:26,(anonymous_0)
FN:30,(anonymous_1)
FN:35,(anonymous_2)
FN:40,(anonymous_3)
FN:52,(anonymous_4)
FNF:5
FNH:3
FNDA:3,(anonymous_0)
FNDA:3,(anonymous_1)
FNDA:0,(anonymous_2)
FNDA:3,(anonymous_3)
FNDA:0,(anonymous_4)
DA:1,12
DA:2,12
DA:3,12
DA:5,12
DA:17,12
DA:21,3
DA:23,3
DA:24,3
DA:27,3
DA:31,3
DA:32,3
DA:36,0
DA:37,0
DA:41,3
DA:52,3
DA:53,0
LF:16
LH:13
BRDA:57,0,0,0
BRDA:57,0,1,0
BRDA:58,1,0,0
BRDA:58,1,1,0
BRDA:59,2,0,0
BRDA:59,2,1,0
BRDA:60,3,0,0
BRDA:60,3,1,0
BRDA:61,4,0,0
BRDA:61,4,1,0
BRF:10
BRH:0
end_of_record
TN:
[...]
FNDA:1,(anonymous_4)
FNDA:1,(anonymous_5)
FNDA:4,(anonymous_6)
FNDA:1,(anonymous_7)
FNDA:0,(anonymous_8)
DA:1,20
DA:3,20
DA:6,20
DA:14,20
DA:16,236
DA:23,53
DA:27,53
DA:28,44
DA:31,53
DA:45,4
DA:49,4
DA:50,0
DA:52,4
DA:53,0
DA:55,4
DA:56,0
DA:58,4
DA:59,0
DA:61,4
DA:68,1
DA:71,1
DA:78,1
DA:81,1
DA:92,1
DA:96,1
DA:97,1
DA:100,1
DA:101,0
DA:104,1
DA:116,4
DA:120,4
DA:121,0
DA:124,4
DA:125,0
DA:128,4
DA:139,1
DA:143,1
DA:150,0
DA:154,0
LF:39
LH:30
BRDA:27,0,0,44
BRDA:49,1,0,0
BRDA:52,2,0,0
BRDA:55,3,0,0
BRDA:58,4,0,0
BRDA:96,5,0,1
BRDA:100,6,0,0
BRDA:120,7,0,0
BRDA:124,8,0,0
BRF:9
BRH:2
end_of_record
TN:
SF:src/web/services/link.service.ts
FN:23,(anonymous_0)
FN:28,(anonymous_1)
FN:46,(anonymous_2)
FN:62,(anonymous_3)
FN:75,(anonymous_4)
FN:90,(anonymous_5)
FN:108,(anonymous_6)
FN:131,(anonymous_7)
FN:154,(anonymous_8)
FN:155,(anonymous_9)
FNF:10
FNH:10
FNDA:74,(anonymous_0)
FNDA:6,(anonymous_1)
FNDA:3,(anonymous_2)
FNDA:5,(anonymous_3)
FNDA:5,(anonymous_4)
FNDA:4,(anonymous_5)
FNDA:10,(anonymous_6)
FNDA:6,(anonymous_7)
FNDA:37,(anonymous_8)
FNDA:89,(anonymous_9)
DA:1,6
DA:4,6
DA:12,6
DA:14,74
DA:15,74
DA:16,74
DA:17,74
DA:18,74
DA:19,74
DA:20,74
DA:21,74
DA:23,74
DA:29,6
DA:30,6
DA:33,6
DA:38,6
DA:39,6
DA:40,6
DA:47,3
DA:50,3
DA:55,3
DA:56,3
DA:63,5
DA:67,5
DA:68,5
DA:69,5
DA:78,5
DA:82,5
DA:83,5
DA:84,5
DA:91,4
DA:94,4
DA:100,4
DA:101,4
DA:102,4
DA:109,10
DA:110,10
DA:111,10
DA:114,10
DA:119,10
DA:120,3
DA:123,10
DA:124,10
DA:125,10
DA:132,6
DA:133,6
DA:134,6
DA:137,6
DA:142,6
DA:143,2
DA:146,6
DA:147,6
DA:148,6
DA:155,37
DA:156,89
DA:157,1
LF:56
LH:56
BRDA:30,0,0,6
BRDA:30,0,1,0
BRDA:111,1,0,10
BRDA:111,1,1,0
BRDA:119,2,0,3
BRDA:134,3,0,6
BRDA:134,3,1,0
BRDA:142,4,0,2
BRDA:156,5,0,1
BRF:9
BRH:6
end_of_record
TN:
SF:src/web/services/loading-bar.service.ts
FN:17,(anonymous_1)
FN:24,(anonymous_2)
FNF:2
FNH:2
FNDA:6,(anonymous_1)
FNDA:5,(anonymous_2)
DA:1,10
DA:2,10
DA:10,10
DA:12,38
DA:18,6
DA:25,5
LF:6
LH:6
BRF:0
BRH:0
end_of_record
TN:
SF:src/web/services/log.service.ts
FN:21,(anonymous_0)
FN:26,(anonymous_1)
FN:45,(anonymous_2)
FN:74,(anonymous_3)
FN:151,(anonymous_4)
FNF:5
FNH:3
FNDA:69,(anonymous_0)
FNDA:3,(anonymous_1)
FNDA:0,(anonymous_2)
FNDA:0,(anonymous_3)
FNDA:11,(anonymous_4)
DA:1,5
DA:3,5
DA:11,5
DA:19,5
DA:21,69
DA:32,3
DA:39,3
DA:53,0
DA:59,0
DA:60,0
DA:63,0
DA:64,0
DA:67,0
DA:68,0
DA:71,0
DA:75,0
DA:80,0
DA:81,0
DA:84,0
DA:85,0
DA:88,0
DA:89,0
DA:92,0
DA:93,0
DA:96,0
DA:97,0
DA:100,0
DA:101,0
DA:104,0
DA:105,0
DA:106,0
DA:109,0
DA:110,0
DA:113,0
DA:114,0
DA:118,0
DA:119,0
DA:120,0
DA:123,0
DA:124,0
DA:128,0
DA:129,0
DA:132,0
DA:133,0
DA:136,0
DA:137,0
DA:140,0
DA:141,0
DA:144,0
DA:145,0
DA:148,0
DA:152,11
LF:52
LH:8
BRDA:59,0,0,0
BRDA:63,1,0,0
BRDA:67,2,0,0
BRDA:76,3,0,0
BRDA:76,3,1,0
BRDA:77,4,0,0
BRDA:77,4,1,0
BRDA:80,5,0,0
BRDA:84,6,0,0
BRDA:88,7,0,0
BRDA:92,8,0,0
BRDA:96,9,0,0
BRDA:100,10,0,0
BRDA:104,11,0,0
BRDA:105,12,0,0
BRDA:109,13,0,0
BRDA:113,14,0,0
BRDA:118,15,0,0
BRDA:119,16,0,0
BRDA:123,17,0,0
BRDA:128,18,0,0
BRDA:132,19,0,0
BRDA:136,20,0,0
BRDA:140,21,0,0
BRDA:144,22,0,0
BRF:25
BRH:0
end_of_record
TN:
SF:src/web/services/masquerade-mode.service.ts
FN:14,(anonymous_0)
FN:23,(anonymous_1)
FNF:2
FNH:2
FNDA:1510,(anonymous_0)
FNDA:647,(anonymous_1)
DA:1,129
DA:9,129
DA:15,1510
DA:16,1510
DA:17,1510
DA:24,647
LF:6
LH:6
BRDA:17,0,0,1510
BRDA:17,0,1,1510
BRF:2
BRH:2
end_of_record
TN:
SF:src/web/services/navigation.service.ts
FN:17,(anonymous_0)
FN:24,(anonymous_1)
FN:28,(anonymous_2)
FN:35,(anonymous_3)
FN:44,(anonymous_4)
FN:56,(anonymous_5)
FN:63,(anonymous_6)
FN:64,(anonymous_7)
FN:72,(anonymous_8)
FN:73,(anonymous_9)
FNF:10
FNH:3
FNDA:230,(anonymous_0)
FNDA:40,(anonymous_1)
FNDA:94,(anonymous_2)
FNDA:0,(anonymous_3)
FNDA:0,(anonymous_4)
FNDA:0,(anonymous_5)
FNDA:0,(anonymous_6)
FNDA:0,(anonymous_7)
FNDA:0,(anonymous_8)
FNDA:0,(anonymous_9)
DA:1,25
DA:2,25
DA:3,25
DA:4,25
DA:5,25
DA:15,25
DA:17,230
DA:18,230
DA:19,230
DA:20,230
DA:21,230
DA:25,40
DA:26,0
DA:28,94
DA:36,0
DA:41,0
DA:46,0
DA:47,0
DA:48,0
DA:50,0
DA:57,0
DA:64,0
DA:65,0
DA:73,0
DA:74,0
LF:25
LH:13
BRDA:25,0,0,0
BRDA:44,1,0,0
BRDA:45,2,0,0
BRDA:47,3,0,0
BRDA:72,4,0,0
BRF:5
BRH:0
end_of_record
TN:
SF:src/web/services/notification.service.ts
FN:26,(anonymous_0)
FN:31,(anonymous_1)
FN:38,(anonymous_2)
FN:45,(anonymous_3)
FN:55,(anonymous_4)
FN:65,(anonymous_5)
FN:72,(anonymous_6)
FN:83,(anonymous_7)
FN:94,(anonymous_8)
FNF:9
FNH:7
FNDA:41,(anonymous_0)
FNDA:1,(anonymous_1)
FNDA:14,(anonymous_2)
FNDA:1,(anonymous_3)
FNDA:1,(anonymous_4)
FNDA:0,(anonymous_5)
FNDA:0,(anonymous_6)
FNDA:16,(anonymous_7)
FNDA:16,(anonymous_8)
DA:1,15
DA:3,15
DA:16,15
DA:24,15
DA:26,41
DA:32,1
DA:39,14
DA:46,1
DA:49,1
DA:56,1
DA:59,1
DA:66,0
DA:73,0
DA:77,0
DA:84,16
DA:88,16
DA:95,16
LF:17
LH:14
BRF:0
BRH:0
end_of_record
TN:
SF:src/web/services/progress-bar.service.ts
FN:17,(anonymous_1)
FNF:1
FNH:1
FNDA:4,(anonymous_1)
DA:1,11
DA:2,11
DA:10,11
DA:12,97
DA:18,4
LF:5
LH:5
BRF:0
BRH:0
end_of_record
TN:
SF:src/web/services/search.service.ts
FN:33,(anonymous_0)
FN:42,(anonymous_1)
FN:44,(anonymous_2)
FN:53,(anonymous_3)
FN:59,(anonymous_4)
FN:62,(anonymous_5)
FN:71,(anonymous_6)
FN:81,(anonymous_7)
FN:89,(anonymous_8)
FN:96,(anonymous_9)
FN:103,(anonymous_10)
FN:110,(anonymous_11)
FN:122,(anonymous_12)
FN:201,(anonymous_13)
FN:206,(anonymous_14)
FN:211,(anonymous_15)
FN:254,(anonymous_16)
FN:294,(anonymous_17)
FN:297,(anonymous_18)
FN:300,(anonymous_19)
FN:323,(anonymous_20)
FN:325,(anonymous_21)
FN:326,(anonymous_22)
FN:336,(anonymous_23)
FN:351,(anonymous_24)
FN:353,(anonymous_25)
FN:356,(anonymous_26)
FN:358,(anonymous_27)
FN:366,(anonymous_28)
FN:373,(anonymous_29)
FN:376,(anonymous_30)
FN:387,(anonymous_31)
FN:389,(anonymous_32)
FN:398,(anonymous_33)
FN:400,(anonymous_34)
FN:402,(anonymous_35)
FN:404,(anonymous_36)
FN:412,(anonymous_37)
FN:414,(anonymous_38)
FN:418,(anonymous_39)
FN:421,(anonymous_40)
FN:430,(anonymous_41)
FN:439,(anonymous_42)
FNF:43
FNH:11
FNDA:46,(anonymous_0)
FNDA:0,(anonymous_1)
FNDA:0,(anonymous_2)
FNDA:1,(anonymous_3)
FNDA:0,(anonymous_4)
FNDA:0,(anonymous_5)
FNDA:0,(anonymous_6)
FNDA:2,(anonymous_7)
FNDA:2,(anonymous_8)
FNDA:2,(anonymous_9)
FNDA:0,(anonymous_10)
FNDA:0,(anonymous_11)
FNDA:3,(anonymous_12)
FNDA:0,(anonymous_13)
FNDA:0,(anonymous_14)
FNDA:1,(anonymous_15)
FNDA:4,(anonymous_16)
FNDA:0,(anonymous_17)
FNDA:0,(anonymous_18)
FNDA:2,(anonymous_19)
FNDA:0,(anonymous_20)
FNDA:0,(anonymous_21)
FNDA:0,(anonymous_22)
FNDA:0,(anonymous_23)
FNDA:0,(anonymous_24)
FNDA:0,(anonymous_25)
FNDA:0,(anonymous_26)
FNDA:0,(anonymous_27)
FNDA:0,(anonymous_28)
FNDA:0,(anonymous_29)
FNDA:0,(anonymous_30)
FNDA:0,(anonymous_31)
FNDA:0,(anonymous_32)
FNDA:0,(anonymous_33)
FNDA:0,(anonymous_34)
FNDA:0,(anonymous_35)
FNDA:0,(anonymous_36)
FNDA:0,(anonymous_37)
FNDA:0,(anonymous_38)
FNDA:0,(anonymous_39)
FNDA:0,(anonymous_40)
FNDA:12,(anonymous_41)
FNDA:27,(anonymous_42)
DA:1,4
DA:2,4
DA:3,4
DA:4,4
DA:5,4
DA:17,4
DA:18,4
DA:19,4
DA:20,4
DA:21,4
DA:22,4
DA:23,4
DA:31,4
DA:34,46
DA:35,46
DA:36,46
DA:37,46
DA:38,46
DA:39,46
DA:43,0
DA:45,0
DA:54,1
DA:60,0
DA:63,0
DA:64,0
DA:72,0
DA:82,2
DA:86,2
DA:90,2
DA:93,2
DA:97,2
DA:100,2
DA:110,0
DA:111,0
DA:112,0
DA:129,3
DA:158,3
DA:159,3
DA:161,3
DA:162,3
DA:164,3
DA:165,3
DA:166,6
DA:168,2
DA:169,2
DA:174,3
DA:175,1
DA:176,2
DA:177,2
DA:179,1
DA:180,1
DA:187,3
DA:188,3
DA:191,3
DA:192,3
DA:194,3
DA:195,3
DA:198,3
DA:206,0
DA:207,0
DA:216,1
DA:233,1
DA:234,1
DA:236,1
DA:237,1
DA:241,1
DA:242,1
DA:245,1
DA:246,1
DA:248,1
DA:251,1
DA:256,4
DA:262,4
DA:263,8
DA:264,4
DA:269,4
DA:270,0
DA:276,4
DA:283,8
DA:284,4
DA:291,4
DA:297,0
DA:301,2
DA:311,2
DA:313,2
DA:314,2
DA:315,2
DA:317,2
DA:318,2
DA:320,2
DA:324,0
DA:325,0
DA:326,0
DA:328,0
DA:329,0
DA:331,0
DA:341,0
DA:352,0
DA:354,0
DA:357,0
DA:358,0
DA:359,0
DA:361,0
DA:369,0
DA:370,0
DA:371,0
DA:374,0
DA:376,0
DA:388,0
DA:389,0
DA:390,0
DA:392,0
DA:399,0
DA:400,0
DA:403,0
DA:404,0
DA:405,0
DA:407,0
DA:413,0
DA:415,0
DA:419,0
DA:420,0
DA:422,0
DA:425,0
DA:432,12
DA:434,12
DA:436,12
DA:440,27
DA:442,27
LF:129
LH:82
BRDA:153,0,0,0
BRDA:156,1,0,0
BRDA:157,2,0,0
BRDA:166,3,0,2
BRDA:166,4,0,6
BRDA:166,4,1,6
BRDA:174,5,0,1
BRDA:177,6,0,1
BRDA:177,7,0,2
BRDA:177,7,1,2
BRDA:177,7,2,2
BRDA:233,8,0,0
BRDA:233,9,0,1
BRDA:263,10,0,4
BRDA:263,10,1,4
BRDA:269,11,0,0
BRDA:269,11,1,4
BRDA:283,12,0,4
BRDA:313,13,0,2
BRDA:313,13,1,1
BRDA:315,14,0,1
BRDA:315,14,1,1
BRDA:328,15,0,0
BRF:23
BRH:17
end_of_record
TN:
SF:src/web/services/session-result-csv.service.ts
FN:29,(anonymous_0)
FN:34,(anonymous_1)
FN:43,(anonymous_2)
FN:53,(anonymous_3)
FN:70,(anonymous_4)
FN:75,(anonymous_5)
FN:91,(anonymous_6)
FN:111,(anonymous_7)
FN:129,(anonymous_8)
FN:130,(anonymous_9)
FN:139,(anonymous_10)
FN:200,(anonymous_11)
FN:209,(anonymous_12)
FN:218,(anonymous_13)
FN:227,(anonymous_14)
FN:236,(anonymous_15)
FN:245,(anonymous_16)
FN:254,(anonymous_17)
FNF:18
FNH:16
FNDA:273,(anonymous_0)
FNDA:0,(anonymous_1)
FNDA:0,(anonymous_2)
FNDA:26,(anonymous_3)
FNDA:74,(anonymous_4)
FNDA:538,(anonymous_5)
FNDA:74,(anonymous_6)
FNDA:247,(anonymous_7)
FNDA:254,(anonymous_8)
FNDA:254,(anonymous_9)
FNDA:589,(anonymous_10)
FNDA:33,(anonymous_11)
FNDA:158,(anonymous_12)
FNDA:115,(anonymous_13)
FNDA:74,(anonymous_14)
FNDA:74,(anonymous_15)
FNDA:74,(anonymous_16)
FNDA:312,(anonymous_17)
DA:1,25
DA:5,25
DA:15,25
DA:16,25
DA:17,25
DA:18,25
DA:19,25
DA:27,25
DA:29,273
DA:35,0
DA:36,0
DA:37,0
DA:39,0
DA:40,0
DA:41,0
DA:42,0
DA:43,0
DA:44,0
DA:47,0
DA:56,26
DA:58,26
DA:59,8
DA:61,26
DA:62,8
DA:63,8
DA:66,26
DA:67,26
DA:70,26
DA:71,74
DA:73,26
DA:74,74
DA:75,74
DA:76,538
DA:77,208
DA:80,330
DA:82,74
DA:85,26
DA:93,74
DA:95,74
DA:96,74
DA:99,74
DA:100,33
DA:101,33
DA:102,19
DA:103,19
DA:104,19
DA:105,19
DA:109,74
DA:111,247
DA:114,74
DA:115,74
DA:120,74
DA:121,74
DA:122,9
DA:126,74
DA:127,74
DA:128,72
DA:129,254
DA:130,254
DA:131,72
DA:132,26
DA:136,74
DA:139,74
DA:140,589
DA:144,74
DA:145,273
DA:146,273
DA:147,273
DA:148,273
DA:149,273
DA:151,273
DA:153,273
DA:154,273
DA:155,158
DA:157,115
DA:163,273
DA:164,273
DA:166,273
DA:167,280
DA:170,280
DA:172,33
DA:173,33
DA:174,33
DA:175,33
DA:178,280
DA:179,261
DA:180,26
DA:181,26
DA:182,26
DA:183,26
DA:184,26
DA:188,280
DA:192,74
DA:193,74
DA:194,74
DA:201,33
DA:210,158
DA:219,115
DA:228,74
DA:237,74
DA:246,74
DA:255,312
LF:102
LH:92
BRDA:36,0,0,0
BRDA:58,1,0,8
BRDA:61,2,0,8
BRDA:76,3,0,208
BRDA:76,4,0,538
BRDA:76,4,1,208
BRDA:99,5,0,33
BRDA:101,6,0,19
BRDA:109,7,0,42
BRDA:121,8,0,9
BRDA:127,9,0,72
BRDA:140,10,0,589
BRDA:140,10,1,188
BRDA:147,11,0,273
BRDA:147,11,1,0
BRDA:151,12,0,249
BRDA:151,12,1,24
BRDA:154,13,0,158
BRDA:154,13,1,115
BRDA:170,14,0,33
BRDA:172,15,0,4
BRDA:172,15,1,29
BRDA:178,16,0,261
BRDA:180,17,0,26
BRDA:180,17,1,0
BRF:25
BRH:22
end_of_record
TN:
SF:src/web/services/simple-modal.service.ts
FN:26,(anonymous_0)
FN:38,(anonymous_1)
FN:45,(anonymous_2)
FN:49,(anonymous_3)
FN:52,(anonymous_4)
FN:60,(anonymous_5)
FN:71,(anonymous_6)
FN:81,(anonymous_7)
FNF:8
FNH:5
FNDA:278,(anonymous_0)
FNDA:14,(anonymous_1)
FNDA:40,(anonymous_2)
FNDA:0,(anonymous_3)
FNDA:0,(anonymous_4)
FNDA:12,(anonymous_5)
FNDA:0,(anonymous_6)
FNDA:2,(anonymous_7)
DA:1,54
DA:2,54
DA:4,54
DA:24,54
DA:26,278
DA:40,14
DA:41,14
DA:42,14
DA:43,14
DA:44,14
DA:45,14
DA:46,40
DA:48,14
DA:49,0
DA:50,0
DA:52,0
DA:53,0
DA:57,14
DA:62,12
DA:68,12
DA:73,0
DA:78,0
DA:83,2
DA:88,2
LF:24
LH:18
BRDA:44,0,0,14
BRDA:48,1,0,0
BRF:2
BRH:1
end_of_record
TN:
SF:src/web/services/status-message.service.ts
FN:16,(anonymous_1)
FN:23,(anonymous_2)
FN:30,(anonymous_3)
FN:37,(anonymous_4)
FN:41,(anonymous_5)
FN:53,(anonymous_6)
FN:57,(anonymous_7)
FNF:7
FNH:5
FNDA:7,(anonymous_1)
FNDA:23,(anonymous_2)
FNDA:2,(anonymous_3)
FNDA:8,(anonymous_4)
FNDA:33,(anonymous_5)
FNDA:0,(anonymous_6)
FNDA:0,(anonymous_7)
DA:1,70
DA:2,70
DA:4,70
DA:12,70
DA:14,446
DA:17,7
DA:24,23
DA:31,2
DA:38,8
DA:42,33
DA:54,0
DA:58,0
LF:12
LH:10
BRDA:23,0,0,23
BRDA:30,1,0,2
BRDA:37,2,0,8
BRDA:53,3,0,0
BRF:4
BRH:3
end_of_record
TN:
SF:src/web/services/string-helper.ts
FN:9,(anonymous_0)
FN:20,(anonymous_1)
FN:45,(anonymous_2)
FN:63,(anonymous_3)
FN:79,(anonymous_4)
FNF:5
FNH:5
FNDA:123,(anonymous_0)
FNDA:63,(anonymous_1)
FNDA:1619,(anonymous_2)
FNDA:38,(anonymous_3)
FNDA:4,(anonymous_4)
DA:4,46
DA:10,123
DA:11,123
DA:12,123
DA:14,123
DA:21,63
DA:22,63
DA:23,63
DA:24,63
DA:25,62
DA:28,1
DA:29,1
DA:30,1
DA:31,1
DA:32,0
DA:34,1
DA:36,1
DA:46,1619
DA:64,38
DA:65,38
DA:66,38
DA:67,38
DA:68,38
DA:69,38
DA:70,38
DA:71,38
DA:73,38
DA:80,4
LF:28
LH:27
BRDA:12,0,0,123
BRDA:12,0,1,123
BRDA:12,0,2,29
BRDA:24,1,0,62
BRDA:31,2,0,0
BRF:5
BRH:4
end_of_record
TN:
SF:src/web/services/student.service.ts
FN:22,(anonymous_0)
FN:32,(anonymous_1)
FN:54,(anonymous_2)
FN:70,(anonymous_3)
FN:82,(anonymous_4)
FN:96,(anonymous_5)
FN:108,(anonymous_6)
FN:118,(anonymous_7)
FN:129,(anonymous_8)
FN:140,(anonymous_9)
FN:141,(anonymous_10)
FN:142,(anonymous_11)
FN:148,(anonymous_12)
FN:154,(anonymous_13)
FN:157,(anonymous_14)
FN:163,(anonymous_15)
FNF:16
FNH:13
FNDA:305,(anonymous_0)
FNDA:60,(anonymous_1)
FNDA:19,(anonymous_2)
FNDA:1,(anonymous_3)
FNDA:0,(anonymous_4)
FNDA:1,(anonymous_5)
FNDA:0,(anonymous_6)
FNDA:0,(anonymous_7)
FNDA:2,(anonymous_8)
FNDA:2,(anonymous_9)
FNDA:2,(anonymous_10)
FNDA:2,(anonymous_11)
FNDA:2,(anonymous_12)
FNDA:7,(anonymous_13)
FNDA:18,(anonymous_14)
FNDA:12,(anonymous_15)
DA:1,33
DA:3,33
DA:4,33
DA:5,33
DA:8,33
DA:9,33
DA:10,33
DA:11,33
DA:12,33
DA:20,33
DA:22,305
DA:23,305
DA:24,305
DA:33,60
DA:37,60
DA:38,0
DA:41,60
DA:55,19
DA:58,19
DA:59,4
DA:61,19
DA:62,1
DA:64,19
DA:72,1
DA:76,1
DA:86,0
DA:90,0
DA:97,1
DA:101,1
DA:109,0
DA:112,0
DA:119,0
DA:123,0
DA:130,2
DA:134,2
DA:141,2
DA:142,2
DA:143,2
DA:149,2
DA:150,2
DA:151,2
DA:152,2
DA:154,7
DA:155,2
DA:156,2
DA:157,2
DA:158,18
DA:162,2
DA:163,2
DA:164,12
DA:170,12
DA:172,2
LF:52
LH:45
BRDA:37,0,0,0
BRDA:58,1,0,4
BRDA:61,2,0,1
BRDA:154,3,0,7
BRDA:154,3,1,1
BRDA:156,4,0,1
BRDA:156,4,1,1
BRDA:158,5,0,18
BRDA:158,5,1,15
BRDA:158,5,2,3
BRDA:165,6,0,12
BRDA:165,6,1,0
BRDA:170,7,0,6
BRDA:170,7,1,6
BRF:14
BRH:12
end_of_record
TN:
SF:src/web/services/table-comparator.service.ts
FN:19,(anonymous_0)
FN:45,(anonymous_1)
FN:60,(anonymous_2)
FN:77,(anonymous_3)
FN:97,(anonymous_4)
FN:116,(anonymous_5)
FNF:6
FNH:5
FNDA:0,(anonymous_0)
FNDA:86,(anonymous_1)
FNDA:84,(anonymous_2)
FNDA:10,(anonymous_3)
FNDA:12,(anonymous_4)
FNDA:173,(anonymous_5)
DA:1,66
DA:2,66
DA:3,66
DA:4,66
DA:12,66
DA:20,0
DA:21,0
DA:23,0
DA:24,0
DA:27,0
DA:28,0
DA:31,0
DA:32,0
DA:35,0
DA:36,0
DA:39,0
DA:46,86
DA:47,38
DA:50,48
DA:51,48
DA:54,0
DA:61,84
DA:62,35
DA:65,49
DA:66,49
DA:69,0
DA:78,10
DA:79,10
DA:81,10
DA:82,4
DA:85,6
DA:86,2
DA:89,4
DA:98,12
DA:99,12
DA:100,12
DA:102,12
DA:103,0
DA:106,12
DA:107,0
DA:110,12
DA:117,173
DA:134,82
DA:166,84
DA:193,0
DA:195,0
DA:197,6
DA:199,1
LF:48
LH:31
BRDA:23,0,0,0
BRDA:27,1,0,0
BRDA:31,2,0,0
BRDA:35,3,0,0
BRDA:46,4,0,38
BRDA:50,5,0,48
BRDA:61,6,0,35
BRDA:65,7,0,49
BRDA:81,8,0,4
BRDA:85,9,0,2
BRDA:89,10,0,2
BRDA:89,10,1,2
BRDA:102,11,0,0
BRDA:106,12,0,0
BRDA:110,13,0,9
BRDA:110,13,1,3
BRDA:117,14,0,0
BRDA:117,14,1,0
BRDA:117,14,2,0
BRDA:117,14,3,0
BRDA:117,14,4,0
BRDA:117,14,5,0
BRDA:117,14,6,0
BRDA:117,14,7,0
BRDA:117,14,8,0
BRDA:117,14,9,0
BRDA:117,14,10,43
BRDA:117,14,11,82
BRDA:117,14,12,82
BRDA:117,14,13,82
BRDA:117,14,14,82
BRDA:117,14,15,82
BRDA:117,14,16,0
BRDA:117,14,17,0
BRDA:117,14,18,0
BRDA:117,14,19,0
BRDA:117,14,20,0
BRDA:117,14,21,0
BRDA:117,14,22,0
BRDA:117,14,23,0
BRDA:117,14,24,7
BRDA:117,14,25,9
BRDA:117,14,26,9
BRDA:117,14,27,23
BRDA:117,14,28,37
BRDA:117,14,29,47
BRDA:117,14,30,47
BRDA:117,14,31,47
BRDA:117,14,32,78
BRDA:117,14,33,78
BRDA:117,14,34,79
BRDA:117,14,35,82
BRDA:117,14,36,83
BRDA:117,14,37,84
BRDA:117,14,38,84
BRDA:117,14,39,84
BRDA:117,14,40,84
BRDA:117,14,41,84
BRDA:117,14,42,84
BRDA:117,14,43,84
BRDA:117,14,44,84
BRDA:117,14,45,84
BRDA:117,14,46,84
BRDA:117,14,47,0
BRDA:117,14,48,0
BRDA:117,14,49,0
BRDA:117,14,50,0
BRDA:117,14,51,0
BRDA:117,14,52,0
BRDA:117,14,53,0
BRDA:117,14,54,0
BRDA:117,14,55,0
BRDA:117,14,56,0
BRDA:117,14,57,0
BRDA:117,14,58,0
BRDA:117,14,59,0
BRDA:117,14,60,0
BRDA:117,14,61,0
BRDA:117,14,62,0
BRDA:117,14,63,0
BRDA:117,14,64,0
BRDA:117,14,65,0
BRDA:117,14,66,0
BRDA:117,14,67,0
BRDA:117,14,68,0
BRDA:117,14,69,0
BRDA:117,14,70,0
BRDA:117,14,71,0
BRDA:117,14,72,0
BRDA:117,14,73,0
BRDA:117,14,74,6
BRDA:117,14,75,1
BRF:92
BRH:41
end_of_record
TN:
SF:src/web/services/timezone.service.ts
FN:28,(anonymous_0)
FN:33,(anonymous_1)
FN:34,(anonymous_2)
FN:46,(anonymous_3)
FN:53,(anonymous_4)
FN:60,(anonymous_5)
FN:67,(anonymous_6)
FN:71,(anonymous_7)
FN:75,(anonymous_8)
FN:84,(anonymous_9)
FN:94,(anonymous_10)
FNF:11
FNH:11
FNDA:353,(anonymous_0)
FNDA:210388,(anonymous_1)
FNDA:208270,(anonymous_2)
FNDA:75,(anonymous_3)
FNDA:18,(anonymous_4)
FNDA:41,(anonymous_5)
FNDA:210388,(anonymous_6)
FNDA:2,(anonymous_7)
FNDA:236,(anonymous_8)
FNDA:34,(anonymous_9)
FNDA:30,(anonymous_10)
DA:1,91
DA:2,91
DA:5,91
DA:6,91
DA:9,91
DA:17,91
DA:19,353
DA:20,353
DA:21,353
DA:24,353
DA:28,353
DA:29,353
DA:30,353
DA:31,353
DA:32,353
DA:33,210388
DA:35,208270
DA:36,208270
DA:37,208270
DA:40,353
DA:47,75
DA:54,18
DA:61,41
DA:68,210388
DA:72,2
DA:76,236
DA:78,236
DA:79,0
DA:81,236
DA:85,34
DA:86,30
DA:88,4
DA:96,30
DA:97,30
DA:98,30
DA:99,30
DA:100,30
DA:101,30
DA:102,30
DA:103,30
DA:105,30
DA:106,5
DA:109,30
LF:43
LH:42
BRDA:36,0,0,208270
BRDA:78,1,0,0
BRDA:78,2,0,236
BRDA:78,2,1,0
BRDA:85,3,0,30
BRDA:95,4,0,23
BRDA:96,5,0,30
BRDA:96,5,1,6
BRDA:105,6,0,5
BRDA:105,7,0,30
BRDA:105,7,1,7
BRDA:105,7,2,5
BRF:12
BRH:10
end_of_record
TN:
SF:src/web/services/usage-statistics.service.ts
FN:15,(anonymous_0)
FN:17,(anonymous_1)
FNF:2
FNH:1
FNDA:8,(anonymous_0)
FNDA:0,(anonymous_1)
DA:1,2
DA:3,2
DA:5,2
DA:13,2
DA:15,8
DA:18,0
DA:23,0
LF:7
LH:5
BRF:0
BRH:0
end_of_record
TN:
SF:src/web/services/visibility-state-machine.ts
FN:16,(anonymous_0)
FN:23,(anonymous_1)
FN:46,(anonymous_2)
FN:54,(anonymous_3)
FN:132,(anonymous_4)
FN:148,(anonymous_5)
FN:172,(anonymous_6)
FN:190,(anonymous_7)
FN:197,(anonymous_8)
FN:198,(anonymous_9)
FN:204,(anonymous_10)
FN:219,(anonymous_11)
FN:226,(anonymous_12)
FN:233,(anonymous_13)
FN:248,(anonymous_14)
FNF:15
FNH:14
FNDA:85,(anonymous_0)
FNDA:170,(anonymous_1)
FNDA:37,(anonymous_2)
FNDA:85,(anonymous_3)
FNDA:37,(anonymous_4)
FNDA:164,(anonymous_5)
FNDA:555,(anonymous_6)
FNDA:1475,(anonymous_7)
FNDA:478,(anonymous_8)
FNDA:1134,(anonymous_9)
FNDA:71,(anonymous_10)
FNDA:884,(anonymous_11)
FNDA:465,(anonymous_12)
FNDA:0,(anonymous_13)
FNDA:100,(anonymous_14)
DA:1,20
DA:2,20
DA:8,20
DA:10,85
DA:12,85
DA:14,85
DA:18,85
DA:20,85
DA:24,170
DA:25,170
DA:28,170
DA:30,850
DA:31,850
DA:32,850
DA:33,850
DA:34,850
DA:36,2550
DA:37,2550
DA:38,2550
DA:43,170
DA:47,37
DA:48,185
DA:49,555
DA:55,85
DA:57,85
DA:60,69
DA:64,16
DA:65,16
DA:68,0
DA:69,0
DA:71,0
DA:74,85
DA:77,0
DA:79,0
DA:80,0
DA:85,67
DA:88,2
DA:89,2
DA:90,2
DA:93,8
DA:94,8
DA:99,2
DA:100,2
DA:105,6
DA:106,6
DA:109,0
DA:110,0
DA:111,0
DA:113,0
DA:116,85
DA:119,0
DA:122,85
DA:125,0
DA:133,37
DA:134,37
DA:135,70
DA:137,37
DA:138,44
DA:140,37
DA:141,50
DA:149,164
DA:150,25
DA:152,139
DA:153,139
DA:155,70
DA:157,25
DA:159,70
DA:163,69
DA:164,69
DA:173,555
DA:174,143
DA:176,412
DA:177,412
DA:180,149
DA:181,149
DA:182,149
DA:191,1475
DA:198,1134
DA:205,71
DA:207,181
DA:208,181
DA:209,50
DA:212,21
DA:220,884
DA:227,465
DA:234,0
DA:235,0
DA:237,0
DA:238,0
DA:239,0
DA:242,0
DA:250,100
LF:92
LH:74
BRDA:57,0,0,69
BRDA:57,0,1,0
BRDA:57,0,2,16
BRDA:57,0,3,0
BRDA:57,0,4,0
BRDA:74,1,0,0
BRDA:74,1,1,41
BRDA:74,1,2,67
BRDA:74,1,3,67
BRDA:74,1,4,2
BRDA:74,1,5,8
BRDA:74,1,6,2
BRDA:74,1,7,2
BRDA:74,1,8,2
BRDA:74,1,9,6
BRDA:74,1,10,6
BRDA:74,1,11,0
BRDA:74,1,12,0
BRDA:116,2,0,0
BRDA:116,3,0,85
BRDA:116,3,1,85
BRDA:116,3,2,16
BRDA:122,4,0,0
BRDA:122,5,0,85
BRDA:122,5,1,0
BRDA:149,6,0,25
BRDA:149,7,0,164
BRDA:149,7,1,139
BRDA:153,8,0,70
BRDA:153,8,1,44
BRDA:153,8,2,69
BRDA:153,8,3,0
BRDA:155,9,0,25
BRDA:173,10,0,143
BRDA:173,11,0,555
BRDA:173,11,1,518
BRDA:177,12,0,149
BRDA:177,12,1,263
BRDA:208,13,0,50
BRDA:238,14,0,0
BRF:40
BRH:29
end_of_record
